#
# There is insufficient memory for the Java Runtime Environment to continue.
# Native memory allocation (malloc) failed to allocate 32784 bytes for Chunk::new
# Possible reasons:
#   The system is out of physical RAM or swap space
#   In 32 bit mode, the process size limit was hit
# Possible solutions:
#   Reduce memory load on the system
#   Increase physical memory or swap space
#   Check if swap backing store is full
#   Use 64 bit Java on a 64 bit OS
#   Decrease Java heap size (-Xmx/-Xms)
#   Decrease number of Java threads
#   Decrease Java thread stack sizes (-Xss)
#   Set larger code cache with -XX:ReservedCodeCacheSize=
# This output file may be truncated or incomplete.
#
#  Out of Memory Error (allocation.cpp:390), pid=7784, tid=11496
#
# JRE version: Java(TM) SE Runtime Environment (8.0_45-b14) (build 1.8.0_45-b14)
# Java VM: Java HotSpot(TM) 64-Bit Server VM (25.45-b02 mixed mode windows-amd64 compressed oops)
# Failed to write core dump. Minidumps are not enabled by default on client versions of Windows
#

---------------  T H R E A D  ---------------

Current thread (0x000000001502f800):  JavaThread "C2 CompilerThread0" daemon [_thread_in_native, id=11496, stack(0x0000000016540000,0x0000000016640000)]

Stack: [0x0000000016540000,0x0000000016640000]
Native frames: (J=compiled Java code, j=interpreted, Vv=VM code, C=native code)
V  [jvm.dll+0x32b57a]
V  [jvm.dll+0x279873]
V  [jvm.dll+0x27a509]
V  [jvm.dll+0x271825]
V  [jvm.dll+0xcb9e2]
V  [jvm.dll+0xcbeac]
V  [jvm.dll+0xcc204]
V  [jvm.dll+0x4ea280]
V  [jvm.dll+0x4b5e7a]
V  [jvm.dll+0x4b6123]
V  [jvm.dll+0x4b79a9]
V  [jvm.dll+0x4b988f]
V  [jvm.dll+0x46bf81]
V  [jvm.dll+0x46ccbe]
V  [jvm.dll+0x4500f2]
V  [jvm.dll+0xa4352]
V  [jvm.dll+0xa4c8f]
V  [jvm.dll+0x241984]
V  [jvm.dll+0x29853a]
C  [msvcr100.dll+0x21d9f]
C  [msvcr100.dll+0x21e3b]
C  [KERNEL32.DLL+0x12d92]
C  [ntdll.dll+0x9f64]


Current CompileTask:
C2:   4455 1286       4       com.android.dx.ssa.SCCP::simulateStmt (481 bytes)


---------------  P R O C E S S  ---------------

Java Threads: ( => current thread )
  0x00000000169df800 JavaThread "pool-1-thread-4" [_thread_in_Java, id=9148, stack(0x0000000017240000,0x0000000017340000)]
  0x00000000169de800 JavaThread "pool-1-thread-3" [_thread_blocked, id=8644, stack(0x0000000017140000,0x0000000017240000)]
  0x00000000169de000 JavaThread "pool-1-thread-2" [_thread_blocked, id=9776, stack(0x0000000017040000,0x0000000017140000)]
  0x00000000169dd800 JavaThread "pool-2-thread-1" [_thread_blocked, id=11328, stack(0x0000000016f40000,0x0000000017040000)]
  0x00000000169da800 JavaThread "pool-1-thread-1" [_thread_blocked, id=10408, stack(0x0000000016e40000,0x0000000016f40000)]
  0x0000000016796000 JavaThread "Service Thread" daemon [_thread_blocked, id=10512, stack(0x0000000016c40000,0x0000000016d40000)]
  0x000000001503e000 JavaThread "C1 CompilerThread2" daemon [_thread_in_native, id=3620, stack(0x0000000016b40000,0x0000000016c40000)]
  0x0000000015032800 JavaThread "C2 CompilerThread1" daemon [_thread_in_native, id=8668, stack(0x0000000016640000,0x0000000016740000)]
=>0x000000001502f800 JavaThread "C2 CompilerThread0" daemon [_thread_in_native, id=11496, stack(0x0000000016540000,0x0000000016640000)]
  0x000000001502c800 JavaThread "Attach Listener" daemon [_thread_blocked, id=692, stack(0x0000000016440000,0x0000000016540000)]
  0x000000001502b800 JavaThread "Signal Dispatcher" daemon [_thread_blocked, id=5920, stack(0x0000000016340000,0x0000000016440000)]
  0x0000000002903000 JavaThread "Finalizer" daemon [_thread_blocked, id=3080, stack(0x0000000016240000,0x0000000016340000)]
  0x00000000028ff800 JavaThread "Reference Handler" daemon [_thread_blocked, id=6656, stack(0x0000000016140000,0x0000000016240000)]
  0x000000000270e000 JavaThread "main" [_thread_in_vm, id=9156, stack(0x0000000002710000,0x0000000002810000)]

Other Threads:
  0x0000000014fa7000 VMThread [stack: 0x0000000016040000,0x0000000016140000] [id=3572]
  0x00000000167af000 WatcherThread [stack: 0x0000000016d40000,0x0000000016e40000] [id=7348]

VM state:not at safepoint (normal execution)

VM Mutex/Monitor currently owned by a thread:  ([mutex/lock_event])
[0x000000000270cbf0] CodeCache_lock - owner thread: 0x000000000270e000
[0x000000000270d7c0] AdapterHandlerLibrary_lock - owner thread: 0x000000000270e000

Heap:
 PSYoungGen      total 18432K, used 13350K [0x00000000eab00000, 0x00000000ebf80000, 0x0000000100000000)
  eden space 15872K, 68% used [0x00000000eab00000,0x00000000eb58ef98,0x00000000eba80000)
  from space 2560K, 99% used [0x00000000ebd00000,0x00000000ebf7aac8,0x00000000ebf80000)
  to   space 2560K, 0% used [0x00000000eba80000,0x00000000eba80000,0x00000000ebd00000)
 ParOldGen       total 42496K, used 2473K [0x00000000c0000000, 0x00000000c2980000, 0x00000000eab00000)
  object space 42496K, 5% used [0x00000000c0000000,0x00000000c026a7a0,0x00000000c2980000)
 Metaspace       used 6040K, capacity 6960K, committed 7040K, reserved 1056768K
  class space    used 595K, capacity 616K, committed 640K, reserved 1048576K

Card table byte_map: [0x0000000011cd0000,0x0000000011ee0000] byte_map_base: 0x00000000116d0000

Marking Bits: (ParMarkBitMap*) 0x0000000051694040
 Begin Bits: [0x0000000012440000, 0x0000000013440000)
 End Bits:   [0x0000000013440000, 0x0000000014440000)

Polling page: 0x0000000000f70000

CodeCache: size=245760Kb used=5015Kb max_used=5015Kb free=240744Kb
 bounds [0x0000000002910000, 0x0000000002e00000, 0x0000000011910000]
 total_blobs=1571 nmethods=1302 adapters=182
 compilation: enabled

Compilation events (10 events):
Event: 4.101 Thread 0x000000001503e000 nmethod 1298 0x0000000002de6390 code [0x0000000002de6600, 0x0000000002de7428]
Event: 4.102 Thread 0x000000001503e000 1299       3       com.android.dx.ssa.DomFront::calcDomFronts (154 bytes)
Event: 4.104 Thread 0x000000001503e000 nmethod 1299 0x0000000002de7dd0 code [0x0000000002de8060, 0x0000000002de9008]
Event: 4.106 Thread 0x000000001503e000 1300       3       com.android.dx.ssa.SsaMethod$1::visitPhiInsn (17 bytes)
Event: 4.106 Thread 0x000000001503e000 nmethod 1300 0x0000000002de1690 code [0x0000000002de1800, 0x0000000002de1bf0]
Event: 4.108 Thread 0x000000001503e000 1301       3       com.android.dx.rop.code.DexTranslationAdvice::hasConstantOperation (163 bytes)
Event: 4.110 Thread 0x000000001503e000 nmethod 1301 0x0000000002de9cd0 code [0x0000000002de9f20, 0x0000000002deb7b8]
Event: 4.111 Thread 0x000000001503e000 1302       3       com.android.dx.ssa.back.LivenessAnalyzer::coInterferePhis (128 bytes)
Event: 4.112 Thread 0x000000001503e000 nmethod 1302 0x0000000002debcd0 code [0x0000000002debf60, 0x0000000002ded258]
Event: 4.113 Thread 0x0000000015032800 1303   !   4       com.android.dx.rop.code.RegisterSpec::intern (70 bytes)

GC Heap History (2 events):
Event: 1.951 GC heap before
{Heap before GC invocations=1 (full 0):
 PSYoungGen      total 18432K, used 15872K [0x00000000eab00000, 0x00000000ebf80000, 0x0000000100000000)
  eden space 15872K, 100% used [0x00000000eab00000,0x00000000eba80000,0x00000000eba80000)
  from space 2560K, 0% used [0x00000000ebd00000,0x00000000ebd00000,0x00000000ebf80000)
  to   space 2560K, 0% used [0x00000000eba80000,0x00000000eba80000,0x00000000ebd00000)
 ParOldGen       total 42496K, used 0K [0x00000000c0000000, 0x00000000c2980000, 0x00000000eab00000)
  object space 42496K, 0% used [0x00000000c0000000,0x00000000c0000000,0x00000000c2980000)
 Metaspace       used 5441K, capacity 6448K, committed 6528K, reserved 1056768K
  class space    used 589K, capacity 616K, committed 640K, reserved 1048576K
Event: 1.956 GC heap after
Heap after GC invocations=1 (full 0):
 PSYoungGen      total 18432K, used 2553K [0x00000000eab00000, 0x00000000ebf80000, 0x0000000100000000)
  eden space 15872K, 0% used [0x00000000eab00000,0x00000000eab00000,0x00000000eba80000)
  from space 2560K, 99% used [0x00000000eba80000,0x00000000ebcfe460,0x00000000ebd00000)
  to   space 2560K, 0% used [0x00000000ebd00000,0x00000000ebd00000,0x00000000ebf80000)
 ParOldGen       total 42496K, used 703K [0x00000000c0000000, 0x00000000c2980000, 0x00000000eab00000)
  object space 42496K, 1% used [0x00000000c0000000,0x00000000c00afdf8,0x00000000c2980000)
 Metaspace       used 5441K, capacity 6448K, committed 6528K, reserved 1056768K
  class space    used 589K, capacity 616K, committed 640K, reserved 1048576K
}

Deoptimization events (10 events):
Event: 0.805 Thread 0x000000000270e000 Uncommon trap: reason=unstable_if action=reinterpret pc=0x0000000002a75f54 method=java.lang.String.compareTo(Ljava/lang/String;)I @ 38
Event: 2.246 Thread 0x00000000169de800 Uncommon trap: reason=unstable_if action=reinterpret pc=0x0000000002b6f3ac method=java.util.HashMap.getNode(ILjava/lang/Object;)Ljava/util/HashMap$Node; @ 129
Event: 2.632 Thread 0x00000000169de000 Uncommon trap: reason=unstable_if action=reinterpret pc=0x0000000002bb7acc method=java.util.HashMap.getNode(ILjava/lang/Object;)Ljava/util/HashMap$Node; @ 62
Event: 3.235 Thread 0x00000000169de000 Uncommon trap: reason=unstable_if action=reinterpret pc=0x0000000002c42008 method=com.android.dx.rop.code.LocalItem.hashCode()I @ 25
Event: 3.235 Thread 0x00000000169de000 Uncommon trap: reason=unstable_if action=reinterpret pc=0x0000000002c45db0 method=com.android.dx.rop.code.LocalItem.hashCode()I @ 25
Event: 3.242 Thread 0x00000000169de800 Uncommon trap: reason=unstable_if action=reinterpret pc=0x0000000002c309dc method=com.android.dx.rop.code.LocalItem.hashCode()I @ 25
Event: 3.243 Thread 0x00000000169de000 Uncommon trap: reason=unstable_if action=reinterpret pc=0x0000000002c7aa2c method=com.android.dx.rop.code.RegisterSpecSet.put(Lcom/android/dx/rop/code/RegisterSpec;)V @ 77
Event: 3.243 Thread 0x00000000169de000 Uncommon trap: reason=unstable_if action=reinterpret pc=0x0000000002cf7be8 method=com.android.dx.rop.code.RegisterSpecSet.put(Lcom/android/dx/rop/code/RegisterSpec;)V @ 77
Event: 3.850 Thread 0x00000000169df800 Uncommon trap: reason=bimorphic action=maybe_recompile pc=0x0000000002cf3244 method=java.util.HashMap.getNode(ILjava/lang/Object;)Ljava/util/HashMap$Node; @ 126
Event: 3.985 Thread 0x00000000169da800 Uncommon trap: reason=unstable_if action=reinterpret pc=0x0000000002c2e9e0 method=com.android.dx.rop.code.RegisterSpec.equals(ILcom/android/dx/rop/type/TypeBearer;Lcom/android/dx/rop/code/LocalItem;)Z @ 42

Internal exceptions (2 events):
Event: 0.083 Thread 0x000000000270e000 Exception <a 'java/lang/NoSuchMethodError': Method sun.misc.Unsafe.defineClass(Ljava/lang/String;[BII)Ljava/lang/Class; name or signature does not match> (0x00000000eab12f28) thrown at [C:\re\workspace\8-2-build-windows-amd64-cygwin\jdk8u45\3457\hotspot\sr4Ó12Vµ?
Event: 0.083 Thread 0x000000000270e000 Exception <a 'java/lang/NoSuchMethodError': Method sun.misc.Unsafe.prefetchRead(Ljava/lang/Object;J)V name or signature does not match> (0x00000000eab131b8) thrown at [C:\re\workspace\8-2-build-windows-amd64-cygwin\jdk8u45\3457\hotspot\src\share\vm\prims\j

Events (10 events):
Event: 3.243 Thread 0x00000000169de000 DEOPT PACKING pc=0x0000000002cf7be8 sp=0x000000001713eb50
Event: 3.243 Thread 0x00000000169de000 DEOPT UNPACKING pc=0x000000000295582a sp=0x000000001713ea70 mode 2
Event: 3.850 Thread 0x00000000169df800 Uncommon trap: trap_request=0xffffffc6 fr.pc=0x0000000002cf3244
Event: 3.850 Thread 0x00000000169df800 DEOPT PACKING pc=0x0000000002cf3244 sp=0x000000001733eb30
Event: 3.850 Thread 0x00000000169df800 DEOPT UNPACKING pc=0x000000000295582a sp=0x000000001733ea58 mode 2
Event: 3.941 loading class java/util/DualPivotQuicksort
Event: 3.941 loading class java/util/DualPivotQuicksort done
Event: 3.985 Thread 0x00000000169da800 Uncommon trap: trap_request=0xffffff65 fr.pc=0x0000000002c2e9e0
Event: 3.985 Thread 0x00000000169da800 DEOPT PACKING pc=0x0000000002c2e9e0 sp=0x0000000016f3e4b0
Event: 3.985 Thread 0x00000000169da800 DEOPT UNPACKING pc=0x000000000295582a sp=0x0000000016f3e438 mode 2


Dynamic libraries:
0x00007ff675e20000 - 0x00007ff675e57000 	C:\Program Files\Java\jdk1.8.0_45\bin\java.exe
0x00007ffb971a0000 - 0x00007ffb97362000 	C:\Windows\SYSTEM32\ntdll.dll
0x00007ffb949b0000 - 0x00007ffb94a5d000 	C:\Windows\system32\KERNEL32.DLL
0x00007ffb94680000 - 0x00007ffb9485d000 	C:\Windows\system32\KERNELBASE.dll
0x00007ffb94a80000 - 0x00007ffb94b26000 	C:\Windows\system32\ADVAPI32.dll
0x00007ffb95b00000 - 0x00007ffb95b9d000 	C:\Windows\system32\msvcrt.dll
0x00007ffb94b90000 - 0x00007ffb94beb000 	C:\Windows\system32\sechost.dll
0x00007ffb95110000 - 0x00007ffb95236000 	C:\Windows\system32\RPCRT4.dll
0x00007ffb94860000 - 0x00007ffb949ae000 	C:\Windows\system32\USER32.dll
0x00007ffb95250000 - 0x00007ffb953d5000 	C:\Windows\system32\GDI32.dll
0x00007ffb86010000 - 0x00007ffb86284000 	C:\Windows\WinSxS\amd64_microsoft.windows.common-controls_6595b64144ccf1df_6.0.10240.17113_none_f41e180257520c58\COMCTL32.dll
0x00007ffb95450000 - 0x00007ffb95486000 	C:\Windows\system32\IMM32.DLL
0x00007ffb94fb0000 - 0x00007ffb9510c000 	C:\Windows\system32\MSCTF.dll
0x0000000050470000 - 0x0000000050542000 	C:\Program Files\Java\jdk1.8.0_45\jre\bin\msvcr100.dll
0x0000000050e90000 - 0x0000000051713000 	C:\Program Files\Java\jdk1.8.0_45\jre\bin\server\jvm.dll
0x00007ffb957e0000 - 0x00007ffb957e8000 	C:\Windows\system32\PSAPI.DLL
0x00007ffb91e80000 - 0x00007ffb91ea3000 	C:\Windows\SYSTEM32\WINMM.dll
0x00007ffb88f30000 - 0x00007ffb88f39000 	C:\Windows\SYSTEM32\WSOCK32.dll
0x00007ffb8f760000 - 0x00007ffb8f76a000 	C:\Windows\SYSTEM32\VERSION.dll
0x00007ffb953e0000 - 0x00007ffb95449000 	C:\Windows\system32\WS2_32.dll
0x00007ffb91e50000 - 0x00007ffb91e7c000 	C:\Windows\SYSTEM32\WINMMBASE.dll
0x00007ffb95240000 - 0x00007ffb95248000 	C:\Windows\system32\NSI.dll
0x00007ffb943b0000 - 0x00007ffb943f4000 	C:\Windows\system32\cfgmgr32.dll
0x00007ffb92490000 - 0x00007ffb924b7000 	C:\Windows\SYSTEM32\DEVOBJ.dll
0x0000000052440000 - 0x000000005244f000 	C:\Program Files\Java\jdk1.8.0_45\jre\bin\verify.dll
0x0000000052410000 - 0x0000000052439000 	C:\Program Files\Java\jdk1.8.0_45\jre\bin\java.dll
0x0000000052260000 - 0x0000000052276000 	C:\Program Files\Java\jdk1.8.0_45\jre\bin\zip.dll
0x00007ffb95c70000 - 0x00007ffb97193000 	C:\Windows\system32\SHELL32.dll
0x00007ffb93c60000 - 0x00007ffb94289000 	C:\Windows\system32\windows.storage.dll
0x00007ffb94d30000 - 0x00007ffb94fac000 	C:\Windows\system32\combase.dll
0x00007ffb95ba0000 - 0x00007ffb95bf1000 	C:\Windows\system32\shlwapi.dll
0x00007ffb93c50000 - 0x00007ffb93c5f000 	C:\Windows\system32\kernel.appcore.dll
0x00007ffb94290000 - 0x00007ffb94343000 	C:\Windows\system32\shcore.dll
0x00007ffb93c00000 - 0x00007ffb93c4a000 	C:\Windows\system32\powrprof.dll
0x00007ffb93bc0000 - 0x00007ffb93bd3000 	C:\Windows\system32\profapi.dll
0x00007ffb74db0000 - 0x00007ffb74f3a000 	C:\Windows\SYSTEM32\dbghelp.dll

VM Arguments:
jvm_args: -Djava.awt.headless=true -Xmx1024M -Dfile.encoding=windows-1256 -Duser.country=SY -Duser.language=ar -Duser.variant 
java_command: com.android.dx.command.Main --dex --force-jumbo --num-threads=4 --output D:\upwork\android-project-DTDTASK\MyApplication\app\build\intermediates\pre-dexed\debug\com.android.support-appcompat-v7-24.2.0_cd6fc679e29287a51a5a5bfc4d29574c3d14e721.jar D:\upwork\android-project-DTDTASK\MyApplication\app\build\intermediates\exploded-aar\com.android.support\appcompat-v7\24.2.0\jars\classes.jar
java_class_path (initial): C:\Users\AGHED\AppData\Local\Android\sdk\build-tools\24.0.2\lib\dx.jar
Launcher Type: SUN_STANDARD

Environment Variables:
PATH=C:\Program Files\Microsoft HPC Pack 2008 SDK\Bin\;C:\ProgramData\Oracle\Java\javapath;C:\Windows\system32;C:\Windows;C:\Windows\System32\Wbem;C:\Windows\System32\WindowsPowerShell\v1.0\;D:\Program Files (x86)\MATLAB\R2010a\runtime\win32;D:\Program Files (x86)\MATLAB\R2010a\bin;C:\Program Files (x86)\AMD\ATI.ACE\Core-Static;C:\Program Files (x86)\Common Files\lenovo\easyplussdk\bin;C:\Program Files (x86)\ATI Technologies\ATI.ACE\Core-Static;c:\Program Files (x86)\Microsoft SQL Server\100\Tools\Binn\;c:\Program Files\Microsoft SQL Server\100\Tools\Binn\;c:\Program Files\Microsoft SQL Server\100\DTS\Binn\;C:\xampp\php;C:\ProgramData\ComposerSetup\bin;C:\Users\AGHED\.dnx\bin;C:\Program Files\Microsoft DNX\Dnvm\;C:\Program Files (x86)\Windows Kits\8.1\Windows Performance Toolkit\;C:\Program Files\Microsoft SQL Server\120\Tools\Binn\;C:\Program Files\Git\cmd;C:\Program Files\nodejs\;C:\Users\AGHED\.dnx\bin;C:\Users\AGHED\AppData\Local\Programs\Python\Python36\Scripts\;C:\Users\AGHED\AppData\Local\Programs\Python\Python36\;C:\Program Files (x86)\Microsoft Visual Studio 10.0\VC\BIN;C:\WINDOWS\Microsoft.NET\Framework\v3.5;C:\WINDOWS\Micr osoft.NET\Framework\v2.0.50727;C:\Program Files (x86)\Microsoft Visual Studio 10.0\VC\VCPackages;C:\Program Files (x86)\Microsoft Visual Studio 10.0\Common7\IDE;C:\Program Files (x86)\Microsoft Visual Studio 10.0\Common7\Tools;C:\Program Files (x86)\Microsoft SDKs\Windows\v7.0A\Bin;C:\Program Files (x86)\Microsoft VS Code\bin;C:\Users\AGHED\AppData\Roaming\Composer\vendor\bin;C:\xampp\php\php.exe;C:\Users\AGHED\AppData\Roaming\npm
USERNAME=AGHED
OS=Windows_NT
PROCESSOR_IDENTIFIER=Intel64 Family 6 Model 37 Stepping 5, GenuineIntel



---------------  S Y S T E M  ---------------

OS: Windows 10.0 , 64 bit Build 10240 (10.0.10240.17113)

CPU:total 4 (2 cores per cpu, 2 threads per core) family 6 model 37 stepping 5, cmov, cx8, fxsr, mmx, sse, sse2, sse3, ssse3, sse4.1, sse4.2, popcnt, ht, tsc, tscinvbit

Memory: 4k page, physical 4053852k(435004k free), swap 5589852k(48k free)

vm_info: Java HotSpot(TM) 64-Bit Server VM (25.45-b02) for windows-amd64 JRE (1.8.0_45-b14), built on Apr 10 2015 10:34:15 by "java_re" with MS VC++ 10.0 (VS2010)

time: Wed Aug 16 16:18:37 2017
elapsed time: 4 seconds (0d 0h 0m 4s)

