#
# There is insufficient memory for the Java Runtime Environment to continue.
# Native memory allocation (malloc) failed to allocate 1048576 bytes for AllocateHeap
# Possible reasons:
#   The system is out of physical RAM or swap space
#   In 32 bit mode, the process size limit was hit
# Possible solutions:
#   Reduce memory load on the system
#   Increase physical memory or swap space
#   Check if swap backing store is full
#   Use 64 bit Java on a 64 bit OS
#   Decrease Java heap size (-Xmx/-Xms)
#   Decrease number of Java threads
#   Decrease Java thread stack sizes (-Xss)
#   Set larger code cache with -XX:ReservedCodeCacheSize=
# This output file may be truncated or incomplete.
#
#  Out of Memory Error (memory/allocation.inline.hpp:61), pid=8352, tid=10452
#
# JRE version:  (8.0_45-b14) (build )
# Java VM: Java HotSpot(TM) 64-Bit Server VM (25.45-b02 mixed mode windows-amd64 compressed oops)
# Failed to write core dump. Minidumps are not enabled by default on client versions of Windows
#

---------------  T H R E A D  ---------------

Current thread (0x000000000094e000):  JavaThread "Unknown thread" [_thread_in_vm, id=10452, stack(0x0000000002190000,0x0000000002290000)]

Stack: [0x0000000002190000,0x0000000002290000]
Native frames: (J=compiled Java code, j=interpreted, Vv=VM code, C=native code)
V  [jvm.dll+0x32b57a]


---------------  P R O C E S S  ---------------

Java Threads: ( => current thread )

Other Threads:

=>0x000000000094e000 (exited) JavaThread "Unknown thread" [_thread_in_vm, id=10452, stack(0x0000000002190000,0x0000000002290000)]

VM state:not at safepoint (normal execution)

VM Mutex/Monitor currently owned by a thread: None

Heap:
 PSYoungGen      total 18432K, used 317K [0x00000000eab00000, 0x00000000ebf80000, 0x0000000100000000)
  eden space 15872K, 2% used [0x00000000eab00000,0x00000000eab4f5d0,0x00000000eba80000)
  from space 2560K, 0% used [0x00000000ebd00000,0x00000000ebd00000,0x00000000ebf80000)
  to   space 2560K, 0% used [0x00000000eba80000,0x00000000eba80000,0x00000000ebd00000)
 ParOldGen       total 42496K, used 0K [0x00000000c0000000, 0x00000000c2980000, 0x00000000eab00000)
  object space 42496K, 0% used [0x00000000c0000000,0x00000000c0000000,0x00000000c2980000)
 Metaspace       used 766K, capacity 4480K, committed 4480K, reserved 1056768K
  class space    used 75K, capacity 384K, committed 384K, reserved 1048576K

Card table byte_map: [0x0000000011750000,0x0000000011960000] byte_map_base: 0x0000000011150000

Marking Bits: (ParMarkBitMap*) 0x0000000051694040
 Begin Bits: [0x0000000011ec0000, 0x0000000012ec0000)
 End Bits:   [0x0000000012ec0000, 0x0000000013ec0000)

Polling page: 0x0000000000930000

CodeCache: size=245760Kb used=327Kb max_used=327Kb free=245432Kb
 bounds [0x0000000002390000, 0x0000000002600000, 0x0000000011390000]
 total_blobs=56 nmethods=0 adapters=37
 compilation: enabled

Compilation events (0 events):
No events

GC Heap History (0 events):
No events

Deoptimization events (0 events):
No events

Internal exceptions (0 events):
No events

Events (10 events):
Event: 0.040 loading class java/lang/Short
Event: 0.041 loading class java/lang/Short done
Event: 0.041 loading class java/lang/Integer
Event: 0.041 loading class java/lang/Integer done
Event: 0.041 loading class java/lang/Long
Event: 0.041 loading class java/lang/Long done
Event: 0.043 loading class java/lang/NullPointerException
Event: 0.043 loading class java/lang/NullPointerException done
Event: 0.043 loading class java/lang/ArithmeticException
Event: 0.043 loading class java/lang/ArithmeticException done


Dynamic libraries:
0x00007ff675e20000 - 0x00007ff675e57000 	C:\Program Files\Java\jdk1.8.0_45\bin\java.exe
0x00007ffb971a0000 - 0x00007ffb97362000 	C:\Windows\SYSTEM32\ntdll.dll
0x00007ffb949b0000 - 0x00007ffb94a5d000 	C:\Windows\system32\KERNEL32.DLL
0x00007ffb94680000 - 0x00007ffb9485d000 	C:\Windows\system32\KERNELBASE.dll
0x00007ffb94a80000 - 0x00007ffb94b26000 	C:\Windows\system32\ADVAPI32.dll
0x00007ffb95b00000 - 0x00007ffb95b9d000 	C:\Windows\system32\msvcrt.dll
0x00007ffb94b90000 - 0x00007ffb94beb000 	C:\Windows\system32\sechost.dll
0x00007ffb95110000 - 0x00007ffb95236000 	C:\Windows\system32\RPCRT4.dll
0x00007ffb94860000 - 0x00007ffb949ae000 	C:\Windows\system32\USER32.dll
0x00007ffb95250000 - 0x00007ffb953d5000 	C:\Windows\system32\GDI32.dll
0x00007ffb86010000 - 0x00007ffb86284000 	C:\Windows\WinSxS\amd64_microsoft.windows.common-controls_6595b64144ccf1df_6.0.10240.17113_none_f41e180257520c58\COMCTL32.dll
0x00007ffb95450000 - 0x00007ffb95486000 	C:\Windows\system32\IMM32.DLL
0x00007ffb94fb0000 - 0x00007ffb9510c000 	C:\Windows\system32\MSCTF.dll
0x0000000050470000 - 0x0000000050542000 	C:\Program Files\Java\jdk1.8.0_45\jre\bin\msvcr100.dll
0x0000000050e90000 - 0x0000000051713000 	C:\Program Files\Java\jdk1.8.0_45\jre\bin\server\jvm.dll
0x00007ffb957e0000 - 0x00007ffb957e8000 	C:\Windows\system32\PSAPI.DLL
0x00007ffb88f30000 - 0x00007ffb88f39000 	C:\Windows\SYSTEM32\WSOCK32.dll
0x00007ffb8f760000 - 0x00007ffb8f76a000 	C:\Windows\SYSTEM32\VERSION.dll
0x00007ffb91e80000 - 0x00007ffb91ea3000 	C:\Windows\SYSTEM32\WINMM.dll
0x00007ffb953e0000 - 0x00007ffb95449000 	C:\Windows\system32\WS2_32.dll
0x00007ffb95240000 - 0x00007ffb95248000 	C:\Windows\system32\NSI.dll
0x00007ffb91e50000 - 0x00007ffb91e7c000 	C:\Windows\SYSTEM32\WINMMBASE.dll
0x00007ffb943b0000 - 0x00007ffb943f4000 	C:\Windows\system32\cfgmgr32.dll
0x00007ffb92490000 - 0x00007ffb924b7000 	C:\Windows\SYSTEM32\DEVOBJ.dll
0x0000000052440000 - 0x000000005244f000 	C:\Program Files\Java\jdk1.8.0_45\jre\bin\verify.dll
0x0000000052410000 - 0x0000000052439000 	C:\Program Files\Java\jdk1.8.0_45\jre\bin\java.dll
0x0000000052260000 - 0x0000000052276000 	C:\Program Files\Java\jdk1.8.0_45\jre\bin\zip.dll

VM Arguments:
jvm_args: -Djava.awt.headless=true -Xmx1024M -Dfile.encoding=windows-1256 -Duser.country=SY -Duser.language=ar -Duser.variant 
java_command: com.android.dx.command.Main --dex --force-jumbo --num-threads=4 --output D:\upwork\android-project-DTDTASK\MyApplication\app\build\intermediates\pre-dexed\debug\com.android.support-support-core-utils-24.2.0_ce60fe47b1e7c56c2445f71328fb86dc86043cca.jar D:\upwork\android-project-DTDTASK\MyApplication\app\build\intermediates\exploded-aar\com.android.support\support-core-utils\24.2.0\jars\classes.jar
java_class_path (initial): C:\Users\AGHED\AppData\Local\Android\sdk\build-tools\24.0.2\lib\dx.jar
Launcher Type: SUN_STANDARD

Environment Variables:
PATH=C:\Program Files\Microsoft HPC Pack 2008 SDK\Bin\;C:\ProgramData\Oracle\Java\javapath;C:\Windows\system32;C:\Windows;C:\Windows\System32\Wbem;C:\Windows\System32\WindowsPowerShell\v1.0\;D:\Program Files (x86)\MATLAB\R2010a\runtime\win32;D:\Program Files (x86)\MATLAB\R2010a\bin;C:\Program Files (x86)\AMD\ATI.ACE\Core-Static;C:\Program Files (x86)\Common Files\lenovo\easyplussdk\bin;C:\Program Files (x86)\ATI Technologies\ATI.ACE\Core-Static;c:\Program Files (x86)\Microsoft SQL Server\100\Tools\Binn\;c:\Program Files\Microsoft SQL Server\100\Tools\Binn\;c:\Program Files\Microsoft SQL Server\100\DTS\Binn\;C:\xampp\php;C:\ProgramData\ComposerSetup\bin;C:\Users\AGHED\.dnx\bin;C:\Program Files\Microsoft DNX\Dnvm\;C:\Program Files (x86)\Windows Kits\8.1\Windows Performance Toolkit\;C:\Program Files\Microsoft SQL Server\120\Tools\Binn\;C:\Program Files\Git\cmd;C:\Program Files\nodejs\;C:\Users\AGHED\.dnx\bin;C:\Users\AGHED\AppData\Local\Programs\Python\Python36\Scripts\;C:\Users\AGHED\AppData\Local\Programs\Python\Python36\;C:\Program Files (x86)\Microsoft Visual Studio 10.0\VC\BIN;C:\WINDOWS\Microsoft.NET\Framework\v3.5;C:\WINDOWS\Micr osoft.NET\Framework\v2.0.50727;C:\Program Files (x86)\Microsoft Visual Studio 10.0\VC\VCPackages;C:\Program Files (x86)\Microsoft Visual Studio 10.0\Common7\IDE;C:\Program Files (x86)\Microsoft Visual Studio 10.0\Common7\Tools;C:\Program Files (x86)\Microsoft SDKs\Windows\v7.0A\Bin;C:\Program Files (x86)\Microsoft VS Code\bin;C:\Users\AGHED\AppData\Roaming\Composer\vendor\bin;C:\xampp\php\php.exe;C:\Users\AGHED\AppData\Roaming\npm
USERNAME=AGHED
OS=Windows_NT
PROCESSOR_IDENTIFIER=Intel64 Family 6 Model 37 Stepping 5, GenuineIntel



---------------  S Y S T E M  ---------------

OS: Windows 10.0 , 64 bit Build 10240 (10.0.10240.17113)

CPU:total 4 (2 cores per cpu, 2 threads per core) family 6 model 37 stepping 5, cmov, cx8, fxsr, mmx, sse, sse2, sse3, ssse3, sse4.1, sse4.2, popcnt, ht, tsc, tscinvbit

Memory: 4k page, physical 4053852k(629636k free), swap 5589852k(5140k free)

vm_info: Java HotSpot(TM) 64-Bit Server VM (25.45-b02) for windows-amd64 JRE (1.8.0_45-b14), built on Apr 10 2015 10:34:15 by "java_re" with MS VC++ 10.0 (VS2010)

time: Wed Aug 16 16:18:38 2017
elapsed time: 0 seconds (0d 0h 0m 0s)

