#
# There is insufficient memory for the Java Runtime Environment to continue.
# Native memory allocation (malloc) failed to allocate 1969216 bytes for Chunk::new
# Possible reasons:
#   The system is out of physical RAM or swap space
#   In 32 bit mode, the process size limit was hit
# Possible solutions:
#   Reduce memory load on the system
#   Increase physical memory or swap space
#   Check if swap backing store is full
#   Use 64 bit Java on a 64 bit OS
#   Decrease Java heap size (-Xmx/-Xms)
#   Decrease number of Java threads
#   Decrease Java thread stack sizes (-Xss)
#   Set larger code cache with -XX:ReservedCodeCacheSize=
# This output file may be truncated or incomplete.
#
#  Out of Memory Error (allocation.cpp:390), pid=10712, tid=11184
#
# JRE version: Java(TM) SE Runtime Environment (8.0_45-b14) (build 1.8.0_45-b14)
# Java VM: Java HotSpot(TM) 64-Bit Server VM (25.45-b02 mixed mode windows-amd64 compressed oops)
# Failed to write core dump. Minidumps are not enabled by default on client versions of Windows
#

---------------  T H R E A D  ---------------

Current thread (0x0000000014efd800):  JavaThread "C2 CompilerThread0" daemon [_thread_in_native, id=11184, stack(0x0000000016400000,0x0000000016500000)]

Stack: [0x0000000016400000,0x0000000016500000]
Native frames: (J=compiled Java code, j=interpreted, Vv=VM code, C=native code)
V  [jvm.dll+0x32b57a]
V  [jvm.dll+0x279873]
V  [jvm.dll+0x27a509]
V  [jvm.dll+0x271825]
V  [jvm.dll+0xcb9e2]
V  [jvm.dll+0xcbeac]
V  [jvm.dll+0x476ef2]
V  [jvm.dll+0x4b955f]
V  [jvm.dll+0x46bf81]
V  [jvm.dll+0x46ccbe]
V  [jvm.dll+0x4500f2]
V  [jvm.dll+0xa4352]
V  [jvm.dll+0xa4c8f]
V  [jvm.dll+0x241984]
V  [jvm.dll+0x29853a]
C  [msvcr100.dll+0x21d9f]
C  [msvcr100.dll+0x21e3b]
C  [KERNEL32.DLL+0x12d92]
C  [ntdll.dll+0x9f64]


Current CompileTask:
C2:   1858 1571   !   4       com.android.dx.cf.cst.ConstantPoolParser::parse0 (731 bytes)


---------------  P R O C E S S  ---------------

Java Threads: ( => current thread )
  0x000000001666d800 JavaThread "Service Thread" daemon [_thread_blocked, id=5108, stack(0x0000000016b00000,0x0000000016c00000)]
  0x0000000016643800 JavaThread "C1 CompilerThread2" daemon [_thread_in_native, id=9488, stack(0x0000000016a00000,0x0000000016b00000)]
  0x0000000014f00800 JavaThread "C2 CompilerThread1" daemon [_thread_in_native, id=5104, stack(0x0000000016500000,0x0000000016600000)]
=>0x0000000014efd800 JavaThread "C2 CompilerThread0" daemon [_thread_in_native, id=11184, stack(0x0000000016400000,0x0000000016500000)]
  0x0000000014efb000 JavaThread "Attach Listener" daemon [_thread_blocked, id=6788, stack(0x0000000016300000,0x0000000016400000)]
  0x0000000014eaa000 JavaThread "Signal Dispatcher" daemon [_thread_blocked, id=8368, stack(0x0000000016200000,0x0000000016300000)]
  0x00000000027d3000 JavaThread "Finalizer" daemon [_thread_blocked, id=1996, stack(0x0000000016100000,0x0000000016200000)]
  0x00000000027cf000 JavaThread "Reference Handler" daemon [_thread_blocked, id=10292, stack(0x0000000016000000,0x0000000016100000)]
  0x00000000026de000 JavaThread "main" [_thread_in_vm, id=3964, stack(0x00000000025b0000,0x00000000026b0000)]

Other Threads:
  0x0000000014e78000 VMThread [stack: 0x0000000015f00000,0x0000000016000000] [id=10472]
  0x000000001666e800 WatcherThread [stack: 0x0000000016c00000,0x0000000016d00000] [id=5092]

VM state:not at safepoint (normal execution)

VM Mutex/Monitor currently owned by a thread: None

Heap:
 PSYoungGen      total 34304K, used 27478K [0x00000000eab00000, 0x00000000eee00000, 0x0000000100000000)
  eden space 31744K, 78% used [0x00000000eab00000,0x00000000ec35d9d0,0x00000000eca00000)
  from space 2560K, 98% used [0x00000000eca00000,0x00000000ecc78038,0x00000000ecc80000)
  to   space 2560K, 0% used [0x00000000eeb80000,0x00000000eeb80000,0x00000000eee00000)
 ParOldGen       total 42496K, used 7356K [0x00000000c0000000, 0x00000000c2980000, 0x00000000eab00000)
  object space 42496K, 17% used [0x00000000c0000000,0x00000000c072f2b8,0x00000000c2980000)
 Metaspace       used 6367K, capacity 7152K, committed 7296K, reserved 1056768K
  class space    used 600K, capacity 616K, committed 640K, reserved 1048576K

Card table byte_map: [0x0000000011ba0000,0x0000000011db0000] byte_map_base: 0x00000000115a0000

Marking Bits: (ParMarkBitMap*) 0x0000000051694040
 Begin Bits: [0x0000000012310000, 0x0000000013310000)
 End Bits:   [0x0000000013310000, 0x0000000014310000)

Polling page: 0x0000000002510000

CodeCache: size=245760Kb used=6330Kb max_used=6330Kb free=239429Kb
 bounds [0x00000000027e0000, 0x0000000002e20000, 0x00000000117e0000]
 total_blobs=1977 nmethods=1708 adapters=182
 compilation: enabled

Compilation events (10 events):
Event: 1.824 Thread 0x0000000016643800 1716       1       com.android.dx.rop.code.LocalItem::getSignature (5 bytes)
Event: 1.824 Thread 0x0000000016643800 nmethod 1716 0x0000000002e0a1d0 code [0x0000000002e0a320, 0x0000000002e0a430]
Event: 1.824 Thread 0x0000000016643800 1719       2       com.android.dx.rop.cst.CstMemberRef::hashCode (19 bytes)
Event: 1.824 Thread 0x0000000016643800 nmethod 1719 0x0000000002e0a490 code [0x0000000002e0a620, 0x0000000002e0a848]
Event: 1.824 Thread 0x0000000016643800 1720       2       com.android.dx.rop.cst.CstNat::hashCode (19 bytes)
Event: 1.824 Thread 0x0000000016643800 nmethod 1720 0x0000000002e0ab10 code [0x0000000002e0ac80, 0x0000000002e0ae58]
Event: 1.825 Thread 0x0000000016643800 1724       1       com.android.dx.dex.code.OutputFinisher::hasAnyPositionInfo (5 bytes)
Event: 1.825 Thread 0x0000000016643800 nmethod 1724 0x0000000002e0afd0 code [0x0000000002e0b120, 0x0000000002e0b230]
Event: 1.825 Thread 0x0000000016643800 1725       2       com.android.dx.dex.code.OutputFinisher::getAllConstants (47 bytes)
Event: 1.826 Thread 0x0000000016643800 nmethod 1725 0x0000000002e0b290 code [0x0000000002e0b440, 0x0000000002e0b828]

GC Heap History (6 events):
Event: 0.607 GC heap before
{Heap before GC invocations=1 (full 0):
 PSYoungGen      total 18432K, used 15872K [0x00000000eab00000, 0x00000000ebf80000, 0x0000000100000000)
  eden space 15872K, 100% used [0x00000000eab00000,0x00000000eba80000,0x00000000eba80000)
  from space 2560K, 0% used [0x00000000ebd00000,0x00000000ebd00000,0x00000000ebf80000)
  to   space 2560K, 0% used [0x00000000eba80000,0x00000000eba80000,0x00000000ebd00000)
 ParOldGen       total 42496K, used 0K [0x00000000c0000000, 0x00000000c2980000, 0x00000000eab00000)
  object space 42496K, 0% used [0x00000000c0000000,0x00000000c0000000,0x00000000c2980000)
 Metaspace       used 5546K, capacity 6512K, committed 6784K, reserved 1056768K
  class space    used 584K, capacity 616K, committed 640K, reserved 1048576K
Event: 0.615 GC heap after
Heap after GC invocations=1 (full 0):
 PSYoungGen      total 18432K, used 2554K [0x00000000eab00000, 0x00000000ecf00000, 0x0000000100000000)
  eden space 15872K, 0% used [0x00000000eab00000,0x00000000eab00000,0x00000000eba80000)
  from space 2560K, 99% used [0x00000000eba80000,0x00000000ebcfea98,0x00000000ebd00000)
  to   space 2560K, 0% used [0x00000000ecc80000,0x00000000ecc80000,0x00000000ecf00000)
 ParOldGen       total 42496K, used 957K [0x00000000c0000000, 0x00000000c2980000, 0x00000000eab00000)
  object space 42496K, 2% used [0x00000000c0000000,0x00000000c00ef710,0x00000000c2980000)
 Metaspace       used 5546K, capacity 6512K, committed 6784K, reserved 1056768K
  class space    used 584K, capacity 616K, committed 640K, reserved 1048576K
}
Event: 0.970 GC heap before
{Heap before GC invocations=2 (full 0):
 PSYoungGen      total 18432K, used 18426K [0x00000000eab00000, 0x00000000ecf00000, 0x0000000100000000)
  eden space 15872K, 100% used [0x00000000eab00000,0x00000000eba80000,0x00000000eba80000)
  from space 2560K, 99% used [0x00000000eba80000,0x00000000ebcfea98,0x00000000ebd00000)
  to   space 2560K, 0% used [0x00000000ecc80000,0x00000000ecc80000,0x00000000ecf00000)
 ParOldGen       total 42496K, used 957K [0x00000000c0000000, 0x00000000c2980000, 0x00000000eab00000)
  object space 42496K, 2% used [0x00000000c0000000,0x00000000c00ef710,0x00000000c2980000)
 Metaspace       used 5946K, capacity 6832K, committed 7040K, reserved 1056768K
  class space    used 593K, capacity 616K, committed 640K, reserved 1048576K
Event: 0.983 GC heap after
Heap after GC invocations=2 (full 0):
 PSYoungGen      total 34304K, used 2554K [0x00000000eab00000, 0x00000000ecf00000, 0x0000000100000000)
  eden space 31744K, 0% used [0x00000000eab00000,0x00000000eab00000,0x00000000eca00000)
  from space 2560K, 99% used [0x00000000ecc80000,0x00000000ecefeab8,0x00000000ecf00000)
  to   space 2560K, 0% used [0x00000000eca00000,0x00000000eca00000,0x00000000ecc80000)
 ParOldGen       total 42496K, used 3137K [0x00000000c0000000, 0x00000000c2980000, 0x00000000eab00000)
  object space 42496K, 7% used [0x00000000c0000000,0x00000000c0310488,0x00000000c2980000)
 Metaspace       used 5946K, capacity 6832K, committed 7040K, reserved 1056768K
  class space    used 593K, capacity 616K, committed 640K, reserved 1048576K
}
Event: 1.522 GC heap before
{Heap before GC invocations=3 (full 0):
 PSYoungGen      total 34304K, used 34298K [0x00000000eab00000, 0x00000000ecf00000, 0x0000000100000000)
  eden space 31744K, 100% used [0x00000000eab00000,0x00000000eca00000,0x00000000eca00000)
  from space 2560K, 99% used [0x00000000ecc80000,0x00000000ecefeab8,0x00000000ecf00000)
  to   space 2560K, 0% used [0x00000000eca00000,0x00000000eca00000,0x00000000ecc80000)
 ParOldGen       total 42496K, used 3137K [0x00000000c0000000, 0x00000000c2980000, 0x00000000eab00000)
  object space 42496K, 7% used [0x00000000c0000000,0x00000000c0310488,0x00000000c2980000)
 Metaspace       used 6240K, capacity 7088K, committed 7296K, reserved 1056768K
  class space    used 595K, capacity 616K, committed 640K, reserved 1048576K
Event: 1.543 GC heap after
Heap after GC invocations=3 (full 0):
 PSYoungGen      total 34304K, used 2528K [0x00000000eab00000, 0x00000000eee00000, 0x0000000100000000)
  eden space 31744K, 0% used [0x00000000eab00000,0x00000000eab00000,0x00000000eca00000)
  from space 2560K, 98% used [0x00000000eca00000,0x00000000ecc78038,0x00000000ecc80000)
  to   space 2560K, 0% used [0x00000000eeb80000,0x00000000eeb80000,0x00000000eee00000)
 ParOldGen       total 42496K, used 7356K [0x00000000c0000000, 0x00000000c2980000, 0x00000000eab00000)
  object space 42496K, 17% used [0x00000000c0000000,0x00000000c072f2b8,0x00000000c2980000)
 Metaspace       used 6240K, capacity 7088K, committed 7296K, reserved 1056768K
  class space    used 595K, capacity 616K, committed 640K, reserved 1048576K
}

Deoptimization events (10 events):
Event: 1.803 Thread 0x00000000026de000 Uncommon trap: reason=class_check action=maybe_recompile pc=0x0000000002d99438 method=java.util.Arrays.hashCode([Ljava/lang/Object;)I @ 43
Event: 1.815 Thread 0x00000000026de000 Uncommon trap: reason=bimorphic action=maybe_recompile pc=0x0000000002a37aa8 method=java.util.HashMap.getNode(ILjava/lang/Object;)Ljava/util/HashMap$Node; @ 126
Event: 1.815 Thread 0x00000000026de000 Uncommon trap: reason=bimorphic action=maybe_recompile pc=0x0000000002a37aa8 method=java.util.HashMap.getNode(ILjava/lang/Object;)Ljava/util/HashMap$Node; @ 126
Event: 1.815 Thread 0x00000000026de000 Uncommon trap: reason=bimorphic action=maybe_recompile pc=0x0000000002a37aa8 method=java.util.HashMap.getNode(ILjava/lang/Object;)Ljava/util/HashMap$Node; @ 126
Event: 1.815 Thread 0x00000000026de000 Uncommon trap: reason=bimorphic action=maybe_recompile pc=0x0000000002a37aa8 method=java.util.HashMap.getNode(ILjava/lang/Object;)Ljava/util/HashMap$Node; @ 126
Event: 1.815 Thread 0x00000000026de000 Uncommon trap: reason=bimorphic action=maybe_recompile pc=0x0000000002c580a8 method=java.util.HashMap.getNode(ILjava/lang/Object;)Ljava/util/HashMap$Node; @ 126
Event: 1.816 Thread 0x00000000026de000 Uncommon trap: reason=class_check action=maybe_recompile pc=0x0000000002ddd7c8 method=java.util.HashMap.putVal(ILjava/lang/Object;Ljava/lang/Object;ZZ)Ljava/lang/Object; @ 203
Event: 1.817 Thread 0x00000000026de000 Uncommon trap: reason=class_check action=maybe_recompile pc=0x0000000002ddd7c8 method=java.util.HashMap.putVal(ILjava/lang/Object;Ljava/lang/Object;ZZ)Ljava/lang/Object; @ 203
Event: 1.817 Thread 0x00000000026de000 Uncommon trap: reason=class_check action=maybe_recompile pc=0x0000000002ddd7c8 method=java.util.HashMap.putVal(ILjava/lang/Object;Ljava/lang/Object;ZZ)Ljava/lang/Object; @ 203
Event: 1.818 Thread 0x00000000026de000 Uncommon trap: reason=class_check action=maybe_recompile pc=0x0000000002ddd7c8 method=java.util.HashMap.putVal(ILjava/lang/Object;Ljava/lang/Object;ZZ)Ljava/lang/Object; @ 203

Internal exceptions (4 events):
Event: 0.076 Thread 0x00000000026de000 Exception <a 'java/lang/NoSuchMethodError': Method sun.misc.Unsafe.defineClass(Ljava/lang/String;[BII)Ljava/lang/Class; name or signature does not match> (0x00000000eab12f28) thrown at [C:\re\workspace\8-2-build-windows-amd64-cygwin\jdk8u45\3457\hotspot\srÎn×¿’³?
Event: 0.076 Thread 0x00000000026de000 Exception <a 'java/lang/NoSuchMethodError': Method sun.misc.Unsafe.prefetchRead(Ljava/lang/Object;J)V name or signature does not match> (0x00000000eab131b8) thrown at [C:\re\workspace\8-2-build-windows-amd64-cygwin\jdk8u45\3457\hotspot\src\share\vm\prims\jZŽÆYº)ñ?
Event: 1.073 Thread 0x00000000168cc000 Implicit null exception at 0x0000000002c13806 to 0x0000000002c14f19
Event: 1.073 Thread 0x00000000168cc000 Implicit null exception at 0x0000000002c1c26d to 0x0000000002c1d685

Events (10 events):
Event: 1.817 Thread 0x00000000026de000 DEOPT PACKING pc=0x0000000002ddd7c8 sp=0x00000000026af010
Event: 1.817 Thread 0x00000000026de000 DEOPT UNPACKING pc=0x000000000282582a sp=0x00000000026aef98 mode 2
Event: 1.817 Thread 0x00000000026de000 Uncommon trap: trap_request=0xffffffde fr.pc=0x0000000002ddd7c8
Event: 1.817 Thread 0x00000000026de000 DEOPT PACKING pc=0x0000000002ddd7c8 sp=0x00000000026af010
Event: 1.817 Thread 0x00000000026de000 DEOPT UNPACKING pc=0x000000000282582a sp=0x00000000026aef98 mode 2
Event: 1.818 Thread 0x00000000026de000 Uncommon trap: trap_request=0xffffffde fr.pc=0x0000000002ddd7c8
Event: 1.818 Thread 0x00000000026de000 DEOPT PACKING pc=0x0000000002ddd7c8 sp=0x00000000026af010
Event: 1.818 Thread 0x00000000026de000 DEOPT UNPACKING pc=0x000000000282582a sp=0x00000000026aef98 mode 2
Event: 1.825 loading class com/android/dx/dex/file/CatchStructs
Event: 1.825 loading class com/android/dx/dex/file/CatchStructs done


Dynamic libraries:
0x00007ff675e20000 - 0x00007ff675e57000 	C:\Program Files\Java\jdk1.8.0_45\bin\java.exe
0x00007ffb971a0000 - 0x00007ffb97362000 	C:\Windows\SYSTEM32\ntdll.dll
0x00007ffb949b0000 - 0x00007ffb94a5d000 	C:\Windows\system32\KERNEL32.DLL
0x00007ffb94680000 - 0x00007ffb9485d000 	C:\Windows\system32\KERNELBASE.dll
0x00007ffb94a80000 - 0x00007ffb94b26000 	C:\Windows\system32\ADVAPI32.dll
0x00007ffb95b00000 - 0x00007ffb95b9d000 	C:\Windows\system32\msvcrt.dll
0x00007ffb94b90000 - 0x00007ffb94beb000 	C:\Windows\system32\sechost.dll
0x00007ffb95110000 - 0x00007ffb95236000 	C:\Windows\system32\RPCRT4.dll
0x00007ffb94860000 - 0x00007ffb949ae000 	C:\Windows\system32\USER32.dll
0x00007ffb95250000 - 0x00007ffb953d5000 	C:\Windows\system32\GDI32.dll
0x00007ffb86010000 - 0x00007ffb86284000 	C:\Windows\WinSxS\amd64_microsoft.windows.common-controls_6595b64144ccf1df_6.0.10240.17113_none_f41e180257520c58\COMCTL32.dll
0x00007ffb95450000 - 0x00007ffb95486000 	C:\Windows\system32\IMM32.DLL
0x00007ffb94fb0000 - 0x00007ffb9510c000 	C:\Windows\system32\MSCTF.dll
0x0000000050470000 - 0x0000000050542000 	C:\Program Files\Java\jdk1.8.0_45\jre\bin\msvcr100.dll
0x0000000050e90000 - 0x0000000051713000 	C:\Program Files\Java\jdk1.8.0_45\jre\bin\server\jvm.dll
0x00007ffb957e0000 - 0x00007ffb957e8000 	C:\Windows\system32\PSAPI.DLL
0x00007ffb88f30000 - 0x00007ffb88f39000 	C:\Windows\SYSTEM32\WSOCK32.dll
0x00007ffb953e0000 - 0x00007ffb95449000 	C:\Windows\system32\WS2_32.dll
0x00007ffb95240000 - 0x00007ffb95248000 	C:\Windows\system32\NSI.dll
0x00007ffb91e80000 - 0x00007ffb91ea3000 	C:\Windows\SYSTEM32\WINMM.dll
0x00007ffb8f760000 - 0x00007ffb8f76a000 	C:\Windows\SYSTEM32\VERSION.dll
0x00007ffb91e50000 - 0x00007ffb91e7c000 	C:\Windows\SYSTEM32\WINMMBASE.dll
0x00007ffb943b0000 - 0x00007ffb943f4000 	C:\Windows\system32\cfgmgr32.dll
0x00007ffb92490000 - 0x00007ffb924b7000 	C:\Windows\SYSTEM32\DEVOBJ.dll
0x0000000052440000 - 0x000000005244f000 	C:\Program Files\Java\jdk1.8.0_45\jre\bin\verify.dll
0x0000000052410000 - 0x0000000052439000 	C:\Program Files\Java\jdk1.8.0_45\jre\bin\java.dll
0x0000000052260000 - 0x0000000052276000 	C:\Program Files\Java\jdk1.8.0_45\jre\bin\zip.dll
0x00007ffb95c70000 - 0x00007ffb97193000 	C:\Windows\system32\SHELL32.dll
0x00007ffb93c60000 - 0x00007ffb94289000 	C:\Windows\system32\windows.storage.dll
0x00007ffb94d30000 - 0x00007ffb94fac000 	C:\Windows\system32\combase.dll
0x00007ffb95ba0000 - 0x00007ffb95bf1000 	C:\Windows\system32\shlwapi.dll
0x00007ffb93c50000 - 0x00007ffb93c5f000 	C:\Windows\system32\kernel.appcore.dll
0x00007ffb94290000 - 0x00007ffb94343000 	C:\Windows\system32\shcore.dll
0x00007ffb93c00000 - 0x00007ffb93c4a000 	C:\Windows\system32\powrprof.dll
0x00007ffb93bc0000 - 0x00007ffb93bd3000 	C:\Windows\system32\profapi.dll
0x00007ffb74db0000 - 0x00007ffb74f3a000 	C:\Windows\SYSTEM32\dbghelp.dll

VM Arguments:
jvm_args: -Djava.awt.headless=true -Xmx1024M -Dfile.encoding=windows-1256 -Duser.country=SY -Duser.language=ar -Duser.variant 
java_command: com.android.dx.command.Main --dex --force-jumbo --num-threads=4 --output D:\upwork\android-project-DTDTASK\MyApplication\app\build\intermediates\pre-dexed\debug\internal_impl-24.2.0_a268b98bdbad0f2c688a856c34469f89debfa7be.jar D:\upwork\android-project-DTDTASK\MyApplication\app\build\intermediates\exploded-aar\com.android.support\support-compat\24.2.0\jars\libs\internal_impl-24.2.0.jar
java_class_path (initial): C:\Users\AGHED\AppData\Local\Android\sdk\build-tools\24.0.2\lib\dx.jar
Launcher Type: SUN_STANDARD

Environment Variables:
PATH=C:\Program Files\Microsoft HPC Pack 2008 SDK\Bin\;C:\ProgramData\Oracle\Java\javapath;C:\Windows\system32;C:\Windows;C:\Windows\System32\Wbem;C:\Windows\System32\WindowsPowerShell\v1.0\;D:\Program Files (x86)\MATLAB\R2010a\runtime\win32;D:\Program Files (x86)\MATLAB\R2010a\bin;C:\Program Files (x86)\AMD\ATI.ACE\Core-Static;C:\Program Files (x86)\Common Files\lenovo\easyplussdk\bin;C:\Program Files (x86)\ATI Technologies\ATI.ACE\Core-Static;c:\Program Files (x86)\Microsoft SQL Server\100\Tools\Binn\;c:\Program Files\Microsoft SQL Server\100\Tools\Binn\;c:\Program Files\Microsoft SQL Server\100\DTS\Binn\;C:\xampp\php;C:\ProgramData\ComposerSetup\bin;C:\Users\AGHED\.dnx\bin;C:\Program Files\Microsoft DNX\Dnvm\;C:\Program Files (x86)\Windows Kits\8.1\Windows Performance Toolkit\;C:\Program Files\Microsoft SQL Server\120\Tools\Binn\;C:\Program Files\Git\cmd;C:\Program Files\nodejs\;C:\Users\AGHED\.dnx\bin;C:\Users\AGHED\AppData\Local\Programs\Python\Python36\Scripts\;C:\Users\AGHED\AppData\Local\Programs\Python\Python36\;C:\Program Files (x86)\Microsoft Visual Studio 10.0\VC\BIN;C:\WINDOWS\Microsoft.NET\Framework\v3.5;C:\WINDOWS\Micr osoft.NET\Framework\v2.0.50727;C:\Program Files (x86)\Microsoft Visual Studio 10.0\VC\VCPackages;C:\Program Files (x86)\Microsoft Visual Studio 10.0\Common7\IDE;C:\Program Files (x86)\Microsoft Visual Studio 10.0\Common7\Tools;C:\Program Files (x86)\Microsoft SDKs\Windows\v7.0A\Bin;C:\Program Files (x86)\Microsoft VS Code\bin;C:\Users\AGHED\AppData\Roaming\Composer\vendor\bin;C:\xampp\php\php.exe;C:\Users\AGHED\AppData\Roaming\npm
USERNAME=AGHED
OS=Windows_NT
PROCESSOR_IDENTIFIER=Intel64 Family 6 Model 37 Stepping 5, GenuineIntel



---------------  S Y S T E M  ---------------

OS: Windows 10.0 , 64 bit Build 10240 (10.0.10240.17113)

CPU:total 4 (2 cores per cpu, 2 threads per core) family 6 model 37 stepping 5, cmov, cx8, fxsr, mmx, sse, sse2, sse3, ssse3, sse4.1, sse4.2, popcnt, ht, tsc, tscinvbit

Memory: 4k page, physical 4053852k(547252k free), swap 5589852k(134372k free)

vm_info: Java HotSpot(TM) 64-Bit Server VM (25.45-b02) for windows-amd64 JRE (1.8.0_45-b14), built on Apr 10 2015 10:34:15 by "java_re" with MS VC++ 10.0 (VS2010)

time: Wed Aug 16 16:18:40 2017
elapsed time: 1 seconds (0d 0h 0m 1s)

