#
# There is insufficient memory for the Java Runtime Environment to continue.
# Native memory allocation (malloc) failed to allocate 1148688 bytes for Chunk::new
# Possible reasons:
#   The system is out of physical RAM or swap space
#   In 32 bit mode, the process size limit was hit
# Possible solutions:
#   Reduce memory load on the system
#   Increase physical memory or swap space
#   Check if swap backing store is full
#   Use 64 bit Java on a 64 bit OS
#   Decrease Java heap size (-Xmx/-Xms)
#   Decrease number of Java threads
#   Decrease Java thread stack sizes (-Xss)
#   Set larger code cache with -XX:ReservedCodeCacheSize=
# This output file may be truncated or incomplete.
#
#  Out of Memory Error (allocation.cpp:390), pid=3392, tid=10572
#
# JRE version: Java(TM) SE Runtime Environment (8.0_45-b14) (build 1.8.0_45-b14)
# Java VM: Java HotSpot(TM) 64-Bit Server VM (25.45-b02 mixed mode windows-amd64 compressed oops)
# Failed to write core dump. Minidumps are not enabled by default on client versions of Windows
#

---------------  T H R E A D  ---------------

Current thread (0x00000000153d1800):  JavaThread "C2 CompilerThread1" daemon [_thread_in_native, id=10572, stack(0x00000000169d0000,0x0000000016ad0000)]

Stack: [0x00000000169d0000,0x0000000016ad0000]
Native frames: (J=compiled Java code, j=interpreted, Vv=VM code, C=native code)
V  [jvm.dll+0x32b57a]
V  [jvm.dll+0x279873]
V  [jvm.dll+0x27a509]
V  [jvm.dll+0x271825]
V  [jvm.dll+0xcb9e2]
V  [jvm.dll+0xcbeac]
V  [jvm.dll+0x464342]
V  [jvm.dll+0x4db685]
V  [jvm.dll+0x4dc287]
V  [jvm.dll+0x46a551]
V  [jvm.dll+0x46cd52]
V  [jvm.dll+0x4500f2]
V  [jvm.dll+0xa4352]
V  [jvm.dll+0xa4c8f]
V  [jvm.dll+0x241984]
V  [jvm.dll+0x29853a]
C  [msvcr100.dll+0x21d9f]
C  [msvcr100.dll+0x21e3b]
C  [KERNEL32.DLL+0x12d92]
C  [ntdll.dll+0x9f64]


Current CompileTask:
C2:   3795 1346   !   4       com.android.dx.cf.code.BytecodeArray::parseInstruction (2764 bytes)


---------------  P R O C E S S  ---------------

Java Threads: ( => current thread )
  0x0000000016d4e000 JavaThread "pool-1-thread-4" [_thread_in_Java, id=1120, stack(0x0000000017dd0000,0x0000000017ed0000)]
  0x0000000016d52800 JavaThread "pool-1-thread-3" [_thread_in_Java, id=11104, stack(0x0000000017cd0000,0x0000000017dd0000)]
  0x0000000016d4d000 JavaThread "pool-1-thread-2" [_thread_in_Java, id=11728, stack(0x0000000017bd0000,0x0000000017cd0000)]
  0x0000000016dbe000 JavaThread "pool-2-thread-1" [_thread_blocked, id=9464, stack(0x0000000017ad0000,0x0000000017bd0000)]
  0x0000000016e2b000 JavaThread "pool-1-thread-1" [_thread_blocked, id=5740, stack(0x00000000179d0000,0x0000000017ad0000)]
  0x0000000016b27000 JavaThread "Service Thread" daemon [_thread_blocked, id=8328, stack(0x0000000016fd0000,0x00000000170d0000)]
  0x0000000016b1b800 JavaThread "C1 CompilerThread2" daemon [_thread_blocked, id=8360, stack(0x0000000016ed0000,0x0000000016fd0000)]
=>0x00000000153d1800 JavaThread "C2 CompilerThread1" daemon [_thread_in_native, id=10572, stack(0x00000000169d0000,0x0000000016ad0000)]
  0x00000000153ce800 JavaThread "C2 CompilerThread0" daemon [_thread_in_native, id=9992, stack(0x00000000168d0000,0x00000000169d0000)]
  0x00000000153cb800 JavaThread "Attach Listener" daemon [_thread_blocked, id=11172, stack(0x00000000167d0000,0x00000000168d0000)]
  0x00000000153ca800 JavaThread "Signal Dispatcher" daemon [_thread_blocked, id=5316, stack(0x00000000166d0000,0x00000000167d0000)]
  0x0000000002ca2800 JavaThread "Finalizer" daemon [_thread_blocked, id=6736, stack(0x00000000165d0000,0x00000000166d0000)]
  0x0000000002c9f000 JavaThread "Reference Handler" daemon [_thread_blocked, id=11508, stack(0x00000000164d0000,0x00000000165d0000)]
  0x0000000002bae000 JavaThread "main" [_thread_blocked, id=2272, stack(0x00000000029f0000,0x0000000002af0000)]

Other Threads:
  0x0000000015348000 VMThread [stack: 0x00000000163d0000,0x00000000164d0000] [id=11688]
  0x0000000016b30800 WatcherThread [stack: 0x00000000170d0000,0x00000000171d0000] [id=692]

VM state:not at safepoint (normal execution)

VM Mutex/Monitor currently owned by a thread: None

Heap:
 PSYoungGen      total 34304K, used 34005K [0x00000000eab00000, 0x00000000ecf00000, 0x0000000100000000)
  eden space 31744K, 99% used [0x00000000eab00000,0x00000000ec9bb5a0,0x00000000eca00000)
  from space 2560K, 99% used [0x00000000eca00000,0x00000000ecc79ed0,0x00000000ecc80000)
  to   space 2560K, 0% used [0x00000000ecc80000,0x00000000ecc80000,0x00000000ecf00000)
 ParOldGen       total 42496K, used 7894K [0x00000000c0000000, 0x00000000c2980000, 0x00000000eab00000)
  object space 42496K, 18% used [0x00000000c0000000,0x00000000c07b5b38,0x00000000c2980000)
 Metaspace       used 6230K, capacity 7088K, committed 7296K, reserved 1056768K
  class space    used 596K, capacity 616K, committed 640K, reserved 1048576K

Card table byte_map: [0x0000000012070000,0x0000000012280000] byte_map_base: 0x0000000011a70000

Marking Bits: (ParMarkBitMap*) 0x0000000051694040
 Begin Bits: [0x00000000127e0000, 0x00000000137e0000)
 End Bits:   [0x00000000137e0000, 0x00000000147e0000)

Polling page: 0x0000000001080000

CodeCache: size=245760Kb used=6240Kb max_used=6240Kb free=239519Kb
 bounds [0x0000000002cb0000, 0x00000000032d0000, 0x0000000011cb0000]
 total_blobs=1895 nmethods=1626 adapters=182
 compilation: enabled

Compilation events (10 events):
Event: 3.105 Thread 0x00000000153d1800 1344       4       java.util.ArrayList::subListRangeCheck (110 bytes)
Event: 3.106 Thread 0x00000000153d1800 nmethod 1344 0x00000000031b3590 code [0x00000000031b36c0, 0x00000000031b3758]
Event: 3.106 Thread 0x00000000153d1800 1345       4       java.util.ArrayList$SubList::<init> (46 bytes)
Event: 3.106 Thread 0x00000000153d1800 nmethod 1345 0x00000000031e6a50 code [0x00000000031e6b80, 0x00000000031e6c18]
Event: 3.106 Thread 0x00000000153d1800 1350       4       com.android.dx.ssa.SsaMethod$1::visitNonMoveInsn (26 bytes)
Event: 3.108 Thread 0x00000000153d1800 nmethod 1350 0x00000000031e6690 code [0x00000000031e67e0, 0x00000000031e68d8]
Event: 3.108 Thread 0x00000000153d1800 1346   !   4       com.android.dx.cf.code.BytecodeArray::parseInstruction (2764 bytes)
Event: 3.149 Thread 0x00000000153ce800 nmethod 1335 0x00000000031ed990 code [0x00000000031ede60, 0x00000000031f0830]
Event: 3.204 Thread 0x0000000016b1b800 1363       3       com.android.dx.ssa.PhiTypeResolver::run (179 bytes)
Event: 3.205 Thread 0x0000000016b1b800 nmethod 1363 0x00000000031e1390 code [0x00000000031e1620, 0x00000000031e2768]

GC Heap History (4 events):
Event: 1.383 GC heap before
{Heap before GC invocations=1 (full 0):
 PSYoungGen      total 18432K, used 15872K [0x00000000eab00000, 0x00000000ebf80000, 0x0000000100000000)
  eden space 15872K, 100% used [0x00000000eab00000,0x00000000eba80000,0x00000000eba80000)
  from space 2560K, 0% used [0x00000000ebd00000,0x00000000ebd00000,0x00000000ebf80000)
  to   space 2560K, 0% used [0x00000000eba80000,0x00000000eba80000,0x00000000ebd00000)
 ParOldGen       total 42496K, used 0K [0x00000000c0000000, 0x00000000c2980000, 0x00000000eab00000)
  object space 42496K, 0% used [0x00000000c0000000,0x00000000c0000000,0x00000000c2980000)
 Metaspace       used 5332K, capacity 6320K, committed 6528K, reserved 1056768K
  class space    used 582K, capacity 616K, committed 640K, reserved 1048576K
Event: 1.476 GC heap after
Heap after GC invocations=1 (full 0):
 PSYoungGen      total 18432K, used 2537K [0x00000000eab00000, 0x00000000ecf00000, 0x0000000100000000)
  eden space 15872K, 0% used [0x00000000eab00000,0x00000000eab00000,0x00000000eba80000)
  from space 2560K, 99% used [0x00000000eba80000,0x00000000ebcfa470,0x00000000ebd00000)
  to   space 2560K, 0% used [0x00000000ecc80000,0x00000000ecc80000,0x00000000ecf00000)
 ParOldGen       total 42496K, used 709K [0x00000000c0000000, 0x00000000c2980000, 0x00000000eab00000)
  object space 42496K, 1% used [0x00000000c0000000,0x00000000c00b16f8,0x00000000c2980000)
 Metaspace       used 5332K, capacity 6320K, committed 6528K, reserved 1056768K
  class space    used 582K, capacity 616K, committed 640K, reserved 1048576K
}
Event: 2.454 GC heap before
{Heap before GC invocations=2 (full 0):
 PSYoungGen      total 18432K, used 18409K [0x00000000eab00000, 0x00000000ecf00000, 0x0000000100000000)
  eden space 15872K, 100% used [0x00000000eab00000,0x00000000eba80000,0x00000000eba80000)
  from space 2560K, 99% used [0x00000000eba80000,0x00000000ebcfa470,0x00000000ebd00000)
  to   space 2560K, 0% used [0x00000000ecc80000,0x00000000ecc80000,0x00000000ecf00000)
 ParOldGen       total 42496K, used 709K [0x00000000c0000000, 0x00000000c2980000, 0x00000000eab00000)
  object space 42496K, 1% used [0x00000000c0000000,0x00000000c00b16f8,0x00000000c2980000)
 Metaspace       used 5968K, capacity 6896K, committed 7040K, reserved 1056768K
  class space    used 595K, capacity 616K, committed 640K, reserved 1048576K
Event: 2.649 GC heap after
Heap after GC invocations=2 (full 0):
 PSYoungGen      total 34304K, used 2538K [0x00000000eab00000, 0x00000000ecf00000, 0x0000000100000000)
  eden space 31744K, 0% used [0x00000000eab00000,0x00000000eab00000,0x00000000eca00000)
  from space 2560K, 99% used [0x00000000ecc80000,0x00000000ecefaaa8,0x00000000ecf00000)
  to   space 2560K, 0% used [0x00000000eca00000,0x00000000eca00000,0x00000000ecc80000)
 ParOldGen       total 42496K, used 2659K [0x00000000c0000000, 0x00000000c2980000, 0x00000000eab00000)
  object space 42496K, 6% used [0x00000000c0000000,0x00000000c0298f50,0x00000000c2980000)
 Metaspace       used 5968K, capacity 6896K, committed 7040K, reserved 1056768K
  class space    used 595K, capacity 616K, committed 640K, reserved 1048576K
}

Deoptimization events (9 events):
Event: 1.700 Thread 0x0000000016d4d000 Uncommon trap: reason=unstable_if action=reinterpret pc=0x0000000002f08640 method=java.util.HashMap.getNode(ILjava/lang/Object;)Ljava/util/HashMap$Node; @ 62
Event: 1.785 Thread 0x0000000016d4e000 Uncommon trap: reason=unstable_if action=reinterpret pc=0x0000000002efd720 method=java.util.HashMap.getNode(ILjava/lang/Object;)Ljava/util/HashMap$Node; @ 129
Event: 1.993 Thread 0x0000000002bae000 Uncommon trap: reason=unstable_if action=reinterpret pc=0x0000000002f86220 method=com.android.dx.rop.code.LocalItem.hashCode()I @ 25
Event: 1.993 Thread 0x0000000002bae000 Uncommon trap: reason=unstable_if action=reinterpret pc=0x0000000002f8be2c method=com.android.dx.rop.code.LocalItem.hashCode()I @ 25
Event: 1.996 Thread 0x0000000002bae000 Uncommon trap: reason=unstable_if action=reinterpret pc=0x0000000002fb696c method=com.android.dx.rop.code.RegisterSpecSet.put(Lcom/android/dx/rop/code/RegisterSpec;)V @ 77
Event: 1.996 Thread 0x0000000002bae000 Uncommon trap: reason=unstable_if action=reinterpret pc=0x0000000002f8eb9c method=com.android.dx.rop.code.LocalItem.hashCode()I @ 25
Event: 1.997 Thread 0x0000000002bae000 Uncommon trap: reason=unstable_if action=reinterpret pc=0x0000000002f3cf5c method=com.android.dx.rop.code.LocalItem.hashCode()I @ 25
Event: 2.039 Thread 0x0000000016d4d000 Uncommon trap: reason=bimorphic action=maybe_recompile pc=0x0000000002f76ffc method=java.util.HashMap.getNode(ILjava/lang/Object;)Ljava/util/HashMap$Node; @ 126
Event: 2.663 Thread 0x0000000016d52800 Uncommon trap: reason=unstable_if action=reinterpret pc=0x0000000002f6a0e0 method=com.android.dx.rop.code.RegisterSpec.equals(ILcom/android/dx/rop/type/TypeBearer;Lcom/android/dx/rop/code/LocalItem;)Z @ 42

Internal exceptions (2 events):
Event: 0.128 Thread 0x0000000002bae000 Exception <a 'java/lang/NoSuchMethodError': Method sun.misc.Unsafe.defineClass(Ljava/lang/String;[BII)Ljava/lang/Class; name or signature does not match> (0x00000000eab12f28) thrown at [C:\re\workspace\8-2-build-windows-amd64-cygwin\jdk8u45\3457\hotspot\sr!»±1m¿?
Event: 0.128 Thread 0x0000000002bae000 Exception <a 'java/lang/NoSuchMethodError': Method sun.misc.Unsafe.prefetchRead(Ljava/lang/Object;J)V name or signature does not match> (0x00000000eab131b8) thrown at [C:\re\workspace\8-2-build-windows-amd64-cygwin\jdk8u45\3457\hotspot\src\share\vm\prims\j

Events (10 events):
Event: 2.149 Executing VM operation: ForceSafepoint done
Event: 2.156 loading class com/android/dx/cf/code/SwitchList
Event: 2.156 loading class com/android/dx/cf/code/SwitchList done
Event: 2.191 loading class java/util/DualPivotQuicksort
Event: 2.192 loading class java/util/DualPivotQuicksort done
Event: 2.429 Executing VM operation: ParallelGCFailedAllocation
Event: 2.649 Executing VM operation: ParallelGCFailedAllocation done
Event: 2.663 Thread 0x0000000016d52800 Uncommon trap: trap_request=0xffffff65 fr.pc=0x0000000002f6a0e0
Event: 2.663 Thread 0x0000000016d52800 DEOPT PACKING pc=0x0000000002f6a0e0 sp=0x0000000017dced40
Event: 2.663 Thread 0x0000000016d52800 DEOPT UNPACKING pc=0x0000000002cf582a sp=0x0000000017dcecc8 mode 2


Dynamic libraries:
0x00007ff71a880000 - 0x00007ff71a8b7000 	C:\Program Files\Java\jdk1.8.0_45\bin\java.exe
0x00007ffb971a0000 - 0x00007ffb97362000 	C:\Windows\SYSTEM32\ntdll.dll
0x00007ffb949b0000 - 0x00007ffb94a5d000 	C:\Windows\system32\KERNEL32.DLL
0x00007ffb94680000 - 0x00007ffb9485d000 	C:\Windows\system32\KERNELBASE.dll
0x00007ffb94a80000 - 0x00007ffb94b26000 	C:\Windows\system32\ADVAPI32.dll
0x00007ffb95b00000 - 0x00007ffb95b9d000 	C:\Windows\system32\msvcrt.dll
0x00007ffb94b90000 - 0x00007ffb94beb000 	C:\Windows\system32\sechost.dll
0x00007ffb95110000 - 0x00007ffb95236000 	C:\Windows\system32\RPCRT4.dll
0x00007ffb94860000 - 0x00007ffb949ae000 	C:\Windows\system32\USER32.dll
0x00007ffb95250000 - 0x00007ffb953d5000 	C:\Windows\system32\GDI32.dll
0x00007ffb86010000 - 0x00007ffb86284000 	C:\Windows\WinSxS\amd64_microsoft.windows.common-controls_6595b64144ccf1df_6.0.10240.17113_none_f41e180257520c58\COMCTL32.dll
0x00007ffb95450000 - 0x00007ffb95486000 	C:\Windows\system32\IMM32.DLL
0x00007ffb94fb0000 - 0x00007ffb9510c000 	C:\Windows\system32\MSCTF.dll
0x0000000050ad0000 - 0x0000000050ba2000 	C:\Program Files\Java\jdk1.8.0_45\jre\bin\msvcr100.dll
0x0000000050e90000 - 0x0000000051713000 	C:\Program Files\Java\jdk1.8.0_45\jre\bin\server\jvm.dll
0x00007ffb957e0000 - 0x00007ffb957e8000 	C:\Windows\system32\PSAPI.DLL
0x00007ffb88f30000 - 0x00007ffb88f39000 	C:\Windows\SYSTEM32\WSOCK32.dll
0x00007ffb953e0000 - 0x00007ffb95449000 	C:\Windows\system32\WS2_32.dll
0x00007ffb95240000 - 0x00007ffb95248000 	C:\Windows\system32\NSI.dll
0x00007ffb91e80000 - 0x00007ffb91ea3000 	C:\Windows\SYSTEM32\WINMM.dll
0x00007ffb8f760000 - 0x00007ffb8f76a000 	C:\Windows\SYSTEM32\VERSION.dll
0x00007ffb91e50000 - 0x00007ffb91e7c000 	C:\Windows\SYSTEM32\WINMMBASE.dll
0x00007ffb943b0000 - 0x00007ffb943f4000 	C:\Windows\system32\cfgmgr32.dll
0x00007ffb92490000 - 0x00007ffb924b7000 	C:\Windows\SYSTEM32\DEVOBJ.dll
0x0000000052440000 - 0x000000005244f000 	C:\Program Files\Java\jdk1.8.0_45\jre\bin\verify.dll
0x0000000052410000 - 0x0000000052439000 	C:\Program Files\Java\jdk1.8.0_45\jre\bin\java.dll
0x0000000052260000 - 0x0000000052276000 	C:\Program Files\Java\jdk1.8.0_45\jre\bin\zip.dll
0x00007ffb95c70000 - 0x00007ffb97193000 	C:\Windows\system32\SHELL32.dll
0x00007ffb93c60000 - 0x00007ffb94289000 	C:\Windows\system32\windows.storage.dll
0x00007ffb94d30000 - 0x00007ffb94fac000 	C:\Windows\system32\combase.dll
0x00007ffb95ba0000 - 0x00007ffb95bf1000 	C:\Windows\system32\shlwapi.dll
0x00007ffb93c50000 - 0x00007ffb93c5f000 	C:\Windows\system32\kernel.appcore.dll
0x00007ffb94290000 - 0x00007ffb94343000 	C:\Windows\system32\shcore.dll
0x00007ffb93c00000 - 0x00007ffb93c4a000 	C:\Windows\system32\powrprof.dll
0x00007ffb93bc0000 - 0x00007ffb93bd3000 	C:\Windows\system32\profapi.dll
0x00007ffb74db0000 - 0x00007ffb74f3a000 	C:\Windows\SYSTEM32\dbghelp.dll

VM Arguments:
jvm_args: -Djava.awt.headless=true -Xmx1024M -Dfile.encoding=windows-1256 -Duser.country=SY -Duser.language=ar -Duser.variant 
java_command: com.android.dx.command.Main --dex --force-jumbo --num-threads=4 --output D:\upwork\android-project-DTDTASK\MyApplication\app\build\intermediates\pre-dexed\debug\com.android.support-appcompat-v7-24.2.0_cd6fc679e29287a51a5a5bfc4d29574c3d14e721.jar D:\upwork\android-project-DTDTASK\MyApplication\app\build\intermediates\exploded-aar\com.android.support\appcompat-v7\24.2.0\jars\classes.jar
java_class_path (initial): C:\Users\AGHED\AppData\Local\Android\sdk\build-tools\24.0.2\lib\dx.jar
Launcher Type: SUN_STANDARD

Environment Variables:
PATH=C:\Program Files\Microsoft HPC Pack 2008 SDK\Bin\;C:\ProgramData\Oracle\Java\javapath;C:\Windows\system32;C:\Windows;C:\Windows\System32\Wbem;C:\Windows\System32\WindowsPowerShell\v1.0\;D:\Program Files (x86)\MATLAB\R2010a\runtime\win32;D:\Program Files (x86)\MATLAB\R2010a\bin;C:\Program Files (x86)\AMD\ATI.ACE\Core-Static;C:\Program Files (x86)\Common Files\lenovo\easyplussdk\bin;C:\Program Files (x86)\ATI Technologies\ATI.ACE\Core-Static;c:\Program Files (x86)\Microsoft SQL Server\100\Tools\Binn\;c:\Program Files\Microsoft SQL Server\100\Tools\Binn\;c:\Program Files\Microsoft SQL Server\100\DTS\Binn\;C:\xampp\php;C:\ProgramData\ComposerSetup\bin;C:\Users\AGHED\.dnx\bin;C:\Program Files\Microsoft DNX\Dnvm\;C:\Program Files (x86)\Windows Kits\8.1\Windows Performance Toolkit\;C:\Program Files\Microsoft SQL Server\120\Tools\Binn\;C:\Program Files\Git\cmd;C:\Program Files\nodejs\;C:\Users\AGHED\.dnx\bin;C:\Users\AGHED\AppData\Local\Programs\Python\Python36\Scripts\;C:\Users\AGHED\AppData\Local\Programs\Python\Python36\;C:\Program Files (x86)\Microsoft Visual Studio 10.0\VC\BIN;C:\WINDOWS\Microsoft.NET\Framework\v3.5;C:\WINDOWS\Micr osoft.NET\Framework\v2.0.50727;C:\Program Files (x86)\Microsoft Visual Studio 10.0\VC\VCPackages;C:\Program Files (x86)\Microsoft Visual Studio 10.0\Common7\IDE;C:\Program Files (x86)\Microsoft Visual Studio 10.0\Common7\Tools;C:\Program Files (x86)\Microsoft SDKs\Windows\v7.0A\Bin;C:\Program Files (x86)\Microsoft VS Code\bin;C:\Users\AGHED\AppData\Roaming\Composer\vendor\bin;C:\xampp\php\php.exe;C:\Users\AGHED\AppData\Roaming\npm
USERNAME=AGHED
OS=Windows_NT
PROCESSOR_IDENTIFIER=Intel64 Family 6 Model 37 Stepping 5, GenuineIntel



---------------  S Y S T E M  ---------------

OS: Windows 10.0 , 64 bit Build 10240 (10.0.10240.17113)

CPU:total 4 (2 cores per cpu, 2 threads per core) family 6 model 37 stepping 5, cmov, cx8, fxsr, mmx, sse, sse2, sse3, ssse3, sse4.1, sse4.2, popcnt, ht, tsc, tscinvbit

Memory: 4k page, physical 4053852k(365148k free), swap 5589852k(33416k free)

vm_info: Java HotSpot(TM) 64-Bit Server VM (25.45-b02) for windows-amd64 JRE (1.8.0_45-b14), built on Apr 10 2015 10:34:15 by "java_re" with MS VC++ 10.0 (VS2010)

time: Mon Aug 14 21:40:40 2017
elapsed time: 3 seconds (0d 0h 0m 3s)

