#
# There is insufficient memory for the Java Runtime Environment to continue.
# Native memory allocation (malloc) failed to allocate 1469936 bytes for Chunk::new
# Possible reasons:
#   The system is out of physical RAM or swap space
#   In 32 bit mode, the process size limit was hit
# Possible solutions:
#   Reduce memory load on the system
#   Increase physical memory or swap space
#   Check if swap backing store is full
#   Use 64 bit Java on a 64 bit OS
#   Decrease Java heap size (-Xmx/-Xms)
#   Decrease number of Java threads
#   Decrease Java thread stack sizes (-Xss)
#   Set larger code cache with -XX:ReservedCodeCacheSize=
# This output file may be truncated or incomplete.
#
#  Out of Memory Error (allocation.cpp:390), pid=7340, tid=5316
#
# JRE version: Java(TM) SE Runtime Environment (8.0_45-b14) (build 1.8.0_45-b14)
# Java VM: Java HotSpot(TM) 64-Bit Server VM (25.45-b02 mixed mode windows-amd64 compressed oops)
# Failed to write core dump. Minidumps are not enabled by default on client versions of Windows
#

---------------  T H R E A D  ---------------

Current thread (0x00000000153ee800):  JavaThread "C2 CompilerThread0" daemon [_thread_in_native, id=5316, stack(0x00000000168f0000,0x00000000169f0000)]

Stack: [0x00000000168f0000,0x00000000169f0000]
Native frames: (J=compiled Java code, j=interpreted, Vv=VM code, C=native code)
V  [jvm.dll+0x32b57a]
V  [jvm.dll+0x279873]
V  [jvm.dll+0x27a509]
V  [jvm.dll+0x271825]
V  [jvm.dll+0xcb9e2]
V  [jvm.dll+0xcbeac]
V  [jvm.dll+0x476ef2]
V  [jvm.dll+0x4b955f]
V  [jvm.dll+0x46bf81]
V  [jvm.dll+0x46ccbe]
V  [jvm.dll+0x4500f2]
V  [jvm.dll+0xa4352]
V  [jvm.dll+0xa4c8f]
V  [jvm.dll+0x241984]
V  [jvm.dll+0x29853a]
C  [msvcr100.dll+0x21d9f]
C  [msvcr100.dll+0x21e3b]
C  [KERNEL32.DLL+0x12d92]
C  [ntdll.dll+0x9f64]


Current CompileTask:
C2:   4454 1397   !   4       com.android.dx.cf.cst.ConstantPoolParser::parse0 (731 bytes)


---------------  P R O C E S S  ---------------

Java Threads: ( => current thread )
  0x0000000016cae800 JavaThread "pool-1-thread-4" [_thread_blocked, id=4408, stack(0x00000000175f0000,0x00000000176f0000)]
  0x0000000016cae000 JavaThread "pool-1-thread-3" [_thread_blocked, id=9140, stack(0x00000000174f0000,0x00000000175f0000)]
  0x0000000016c9e800 JavaThread "pool-1-thread-2" [_thread_blocked, id=3460, stack(0x00000000173f0000,0x00000000174f0000)]
  0x0000000016c4e800 JavaThread "pool-2-thread-1" [_thread_blocked, id=11808, stack(0x00000000172f0000,0x00000000173f0000)]
  0x0000000016c4c000 JavaThread "pool-1-thread-1" [_thread_blocked, id=4776, stack(0x00000000171f0000,0x00000000172f0000)]
  0x0000000016a46000 JavaThread "Service Thread" daemon [_thread_blocked, id=10704, stack(0x0000000016ff0000,0x00000000170f0000)]
  0x0000000016a3f000 JavaThread "C1 CompilerThread2" daemon [_thread_in_native, id=4556, stack(0x0000000016ef0000,0x0000000016ff0000)]
  0x0000000016a3c800 JavaThread "C2 CompilerThread1" daemon [_thread_in_native, id=3888, stack(0x0000000016df0000,0x0000000016ef0000)]
=>0x00000000153ee800 JavaThread "C2 CompilerThread0" daemon [_thread_in_native, id=5316, stack(0x00000000168f0000,0x00000000169f0000)]
  0x00000000153eb800 JavaThread "Attach Listener" daemon [_thread_blocked, id=84, stack(0x00000000167f0000,0x00000000168f0000)]
  0x00000000153ea800 JavaThread "Signal Dispatcher" daemon [_thread_blocked, id=4864, stack(0x00000000166f0000,0x00000000167f0000)]
  0x0000000002c53000 JavaThread "Finalizer" daemon [_thread_blocked, id=10348, stack(0x00000000165f0000,0x00000000166f0000)]
  0x0000000002c4f800 JavaThread "Reference Handler" daemon [_thread_blocked, id=9604, stack(0x00000000164f0000,0x00000000165f0000)]
  0x0000000002cce000 JavaThread "main" [_thread_blocked, id=7056, stack(0x0000000001320000,0x0000000001420000)]

Other Threads:
  0x0000000015367800 VMThread [stack: 0x00000000163f0000,0x00000000164f0000] [id=12148]
  0x0000000016a47800 WatcherThread [stack: 0x00000000170f0000,0x00000000171f0000] [id=7992]

VM state:at safepoint (normal execution)

VM Mutex/Monitor currently owned by a thread:  ([mutex/lock_event])
[0x0000000002ccd0c0] Threads_lock - owner thread: 0x0000000015367800
[0x0000000002ccd540] Heap_lock - owner thread: 0x0000000002cce000

Heap:
 PSYoungGen      total 18432K, used 18417K [0x00000000eab00000, 0x00000000ebf80000, 0x0000000100000000)
  eden space 15872K, 100% used [0x00000000eab00000,0x00000000eba80000,0x00000000eba80000)
  from space 2560K, 99% used [0x00000000eba80000,0x00000000ebcfc6d0,0x00000000ebd00000)
  to   space 2560K, 98% used [0x00000000ebd00000,0x00000000ebf786d0,0x00000000ebf80000)
 ParOldGen       total 42496K, used 9155K [0x00000000c0000000, 0x00000000c2980000, 0x00000000eab00000)
  object space 42496K, 21% used [0x00000000c0000000,0x00000000c08f0dc8,0x00000000c2980000)
 Metaspace       used 6120K, capacity 7024K, committed 7296K, reserved 1056768K
  class space    used 596K, capacity 616K, committed 640K, reserved 1048576K

Card table byte_map: [0x0000000012090000,0x00000000122a0000] byte_map_base: 0x0000000011a90000

Marking Bits: (ParMarkBitMap*) 0x0000000051694040
 Begin Bits: [0x0000000012800000, 0x0000000013800000)
 End Bits:   [0x0000000013800000, 0x0000000014800000)

Polling page: 0x00000000012e0000

CodeCache: size=245760Kb used=5868Kb max_used=5887Kb free=239891Kb
 bounds [0x0000000002cd0000, 0x00000000032a0000, 0x0000000011cd0000]
 total_blobs=1682 nmethods=1414 adapters=182
 compilation: enabled

Compilation events (10 events):
Event: 3.834 Thread 0x0000000016a3f000 1415       3       java.io.DataInputStream::<init> (30 bytes)
Event: 3.835 Thread 0x0000000016a3f000 nmethod 1415 0x0000000003271950 code [0x0000000003271ac0, 0x0000000003271f10]
Event: 3.835 Thread 0x0000000016a3f000 1414       3       com.android.dx.cf.direct.StdAttributeFactory::localVariableTable (98 bytes)
Event: 3.837 Thread 0x0000000016a3f000 nmethod 1414 0x0000000003287550 code [0x0000000003287800, 0x0000000003288958]
Event: 3.837 Thread 0x0000000016a3f000 1418       3       com.android.dx.rop.code.RegisterSpecSet::mutableCopy (57 bytes)
Event: 3.837 Thread 0x0000000016a3f000 nmethod 1418 0x0000000003270f10 code [0x00000000032710c0, 0x0000000003271688]
Event: 3.837 Thread 0x0000000016a3f000 1416       3       com.android.dx.cf.iface.StdMethod::<init> (40 bytes)
Event: 3.838 Thread 0x0000000016a3f000 nmethod 1416 0x0000000003289510 code [0x00000000032896e0, 0x000000000328a148]
Event: 3.949 Thread 0x00000000153ee800 nmethod 1383 0x000000000328f290 code [0x000000000328f5c0, 0x0000000003291570]
Event: 3.949 Thread 0x00000000153ee800 1397   !   4       com.android.dx.cf.cst.ConstantPoolParser::parse0 (731 bytes)

GC Heap History (4 events):
Event: 1.604 GC heap before
{Heap before GC invocations=1 (full 0):
 PSYoungGen      total 18432K, used 15872K [0x00000000eab00000, 0x00000000ebf80000, 0x0000000100000000)
  eden space 15872K, 100% used [0x00000000eab00000,0x00000000eba80000,0x00000000eba80000)
  from space 2560K, 0% used [0x00000000ebd00000,0x00000000ebd00000,0x00000000ebf80000)
  to   space 2560K, 0% used [0x00000000eba80000,0x00000000eba80000,0x00000000ebd00000)
 ParOldGen       total 42496K, used 0K [0x00000000c0000000, 0x00000000c2980000, 0x00000000eab00000)
  object space 42496K, 0% used [0x00000000c0000000,0x00000000c0000000,0x00000000c2980000)
 Metaspace       used 5682K, capacity 6640K, committed 6784K, reserved 1056768K
  class space    used 590K, capacity 616K, committed 640K, reserved 1048576K
Event: 1.612 GC heap after
Heap after GC invocations=1 (full 0):
 PSYoungGen      total 18432K, used 2552K [0x00000000eab00000, 0x00000000ebf80000, 0x0000000100000000)
  eden space 15872K, 0% used [0x00000000eab00000,0x00000000eab00000,0x00000000eba80000)
  from space 2560K, 99% used [0x00000000eba80000,0x00000000ebcfe070,0x00000000ebd00000)
  to   space 2560K, 0% used [0x00000000ebd00000,0x00000000ebd00000,0x00000000ebf80000)
 ParOldGen       total 42496K, used 1363K [0x00000000c0000000, 0x00000000c2980000, 0x00000000eab00000)
  object space 42496K, 3% used [0x00000000c0000000,0x00000000c0154c30,0x00000000c2980000)
 Metaspace       used 5682K, capacity 6640K, committed 6784K, reserved 1056768K
  class space    used 590K, capacity 616K, committed 640K, reserved 1048576K
}
Event: 3.093 GC heap before
{Heap before GC invocations=2 (full 0):
 PSYoungGen      total 18432K, used 18424K [0x00000000eab00000, 0x00000000ebf80000, 0x0000000100000000)
  eden space 15872K, 100% used [0x00000000eab00000,0x00000000eba80000,0x00000000eba80000)
  from space 2560K, 99% used [0x00000000eba80000,0x00000000ebcfe070,0x00000000ebd00000)
  to   space 2560K, 0% used [0x00000000ebd00000,0x00000000ebd00000,0x00000000ebf80000)
 ParOldGen       total 42496K, used 1363K [0x00000000c0000000, 0x00000000c2980000, 0x00000000eab00000)
  object space 42496K, 3% used [0x00000000c0000000,0x00000000c0154c30,0x00000000c2980000)
 Metaspace       used 6000K, capacity 6960K, committed 7040K, reserved 1056768K
  class space    used 595K, capacity 616K, committed 640K, reserved 1048576K
Event: 3.528 GC heap after
Heap after GC invocations=2 (full 0):
 PSYoungGen      total 18432K, used 2547K [0x00000000eab00000, 0x00000000ebf80000, 0x0000000100000000)
  eden space 15872K, 0% used [0x00000000eab00000,0x00000000eab00000,0x00000000eba80000)
  from space 2560K, 99% used [0x00000000ebd00000,0x00000000ebf7ce58,0x00000000ebf80000)
  to   space 2560K, 0% used [0x00000000eba80000,0x00000000eba80000,0x00000000ebd00000)
 ParOldGen       total 42496K, used 3305K [0x00000000c0000000, 0x00000000c2980000, 0x00000000eab00000)
  object space 42496K, 7% used [0x00000000c0000000,0x00000000c033a550,0x00000000c2980000)
 Metaspace       used 6000K, capacity 6960K, committed 7040K, reserved 1056768K
  class space    used 595K, capacity 616K, committed 640K, reserved 1048576K
}

Deoptimization events (10 events):
Event: 1.728 Thread 0x0000000016cae800 Uncommon trap: reason=unstable_if action=reinterpret pc=0x0000000002f315c4 method=java.util.HashMap.getNode(ILjava/lang/Object;)Ljava/util/HashMap$Node; @ 62
Event: 2.296 Thread 0x0000000002cce000 Uncommon trap: reason=class_check action=maybe_recompile pc=0x00000000030b537c method=com.android.dx.ssa.NormalSsaInsn.accept(Lcom/android/dx/ssa/SsaInsn$Visitor;)V @ 9
Event: 2.296 Thread 0x0000000002cce000 Uncommon trap: reason=class_check action=maybe_recompile pc=0x0000000002f7e130 method=com.android.dx.ssa.NormalSsaInsn.accept(Lcom/android/dx/ssa/SsaInsn$Visitor;)V @ 9
Event: 2.296 Thread 0x0000000002cce000 Uncommon trap: reason=class_check action=maybe_recompile pc=0x0000000002f7e130 method=com.android.dx.ssa.NormalSsaInsn.accept(Lcom/android/dx/ssa/SsaInsn$Visitor;)V @ 9
Event: 2.296 Thread 0x0000000002cce000 Uncommon trap: reason=class_check action=maybe_recompile pc=0x0000000002f7e130 method=com.android.dx.ssa.NormalSsaInsn.accept(Lcom/android/dx/ssa/SsaInsn$Visitor;)V @ 9
Event: 2.478 Thread 0x0000000016c9e800 Uncommon trap: reason=class_check action=maybe_recompile pc=0x00000000030b537c method=com.android.dx.ssa.NormalSsaInsn.accept(Lcom/android/dx/ssa/SsaInsn$Visitor;)V @ 9
Event: 2.480 Thread 0x0000000016c9e800 Uncommon trap: reason=class_check action=maybe_recompile pc=0x0000000002fb1694 method=com.android.dx.ssa.NormalSsaInsn.accept(Lcom/android/dx/ssa/SsaInsn$Visitor;)V @ 9
Event: 3.809 Thread 0x0000000016c9e800 Uncommon trap: reason=null_check action=make_not_entrant pc=0x0000000003250758 method=com.android.dx.ssa.SsaRenamer.getLocalForNewReg(I)Lcom/android/dx/rop/code/LocalItem; @ 19
Event: 3.825 Thread 0x0000000016cae800 Uncommon trap: reason=unstable_if action=reinterpret pc=0x00000000031336ac method=com.android.dx.rop.code.RegisterSpecSet.put(Lcom/android/dx/rop/code/RegisterSpec;)V @ 77
Event: 3.825 Thread 0x0000000016cae800 Uncommon trap: reason=unstable_if action=reinterpret pc=0x0000000002fe74dc method=com.android.dx.rop.code.RegisterSpecSet.put(Lcom/android/dx/rop/code/RegisterSpec;)V @ 77

Internal exceptions (3 events):
Event: 0.074 Thread 0x0000000002cce000 Exception <a 'java/lang/NoSuchMethodError': Method sun.misc.Unsafe.defineClass(Ljava/lang/String;[BII)Ljava/lang/Class; name or signature does not match> (0x00000000eab12f28) thrown at [C:\re\workspace\8-2-build-windows-amd64-cygwin\jdk8u45\3457\hotspot\sr5¶œåÀ÷²?
Event: 0.074 Thread 0x0000000002cce000 Exception <a 'java/lang/NoSuchMethodError': Method sun.misc.Unsafe.prefetchRead(Ljava/lang/Object;J)V name or signature does not match> (0x00000000eab131b8) thrown at [C:\re\workspace\8-2-build-windows-amd64-cygwin\jdk8u45\3457\hotspot\src\share\vm\prims\j–ÑPÃw@
Event: 3.808 Thread 0x0000000016c9e800 Implicit null exception at 0x000000000324ef9d to 0x000000000325070d

Events (10 events):
Event: 3.616 Thread 0x0000000016c4c000 DEOPT UNPACKING pc=0x0000000002d1747f sp=0x00000000172ee3c8 mode 0
Event: 3.809 Thread 0x0000000016c9e800 Uncommon trap: trap_request=0xfffffff4 fr.pc=0x0000000003250758
Event: 3.809 Thread 0x0000000016c9e800 DEOPT PACKING pc=0x0000000003250758 sp=0x00000000174ee710
Event: 3.809 Thread 0x0000000016c9e800 DEOPT UNPACKING pc=0x0000000002d1582a sp=0x00000000174ee518 mode 2
Event: 3.825 Thread 0x0000000016cae800 Uncommon trap: trap_request=0xffffff65 fr.pc=0x00000000031336ac
Event: 3.825 Thread 0x0000000016cae800 DEOPT PACKING pc=0x00000000031336ac sp=0x00000000176ee4e0
Event: 3.825 Thread 0x0000000016cae800 DEOPT UNPACKING pc=0x0000000002d1582a sp=0x00000000176ee468 mode 2
Event: 3.825 Thread 0x0000000016cae800 Uncommon trap: trap_request=0xffffff65 fr.pc=0x0000000002fe74dc
Event: 3.825 Thread 0x0000000016cae800 DEOPT PACKING pc=0x0000000002fe74dc sp=0x00000000176ee4d0
Event: 3.825 Thread 0x0000000016cae800 DEOPT UNPACKING pc=0x0000000002d1582a sp=0x00000000176ee3f0 mode 2


Dynamic libraries:
0x00007ff675e20000 - 0x00007ff675e57000 	C:\Program Files\Java\jdk1.8.0_45\bin\java.exe
0x00007ffb971a0000 - 0x00007ffb97362000 	C:\Windows\SYSTEM32\ntdll.dll
0x00007ffb949b0000 - 0x00007ffb94a5d000 	C:\Windows\system32\KERNEL32.DLL
0x00007ffb94680000 - 0x00007ffb9485d000 	C:\Windows\system32\KERNELBASE.dll
0x00007ffb94a80000 - 0x00007ffb94b26000 	C:\Windows\system32\ADVAPI32.dll
0x00007ffb95b00000 - 0x00007ffb95b9d000 	C:\Windows\system32\msvcrt.dll
0x00007ffb94b90000 - 0x00007ffb94beb000 	C:\Windows\system32\sechost.dll
0x00007ffb95110000 - 0x00007ffb95236000 	C:\Windows\system32\RPCRT4.dll
0x00007ffb94860000 - 0x00007ffb949ae000 	C:\Windows\system32\USER32.dll
0x00007ffb95250000 - 0x00007ffb953d5000 	C:\Windows\system32\GDI32.dll
0x00007ffb86010000 - 0x00007ffb86284000 	C:\Windows\WinSxS\amd64_microsoft.windows.common-controls_6595b64144ccf1df_6.0.10240.17113_none_f41e180257520c58\COMCTL32.dll
0x00007ffb95450000 - 0x00007ffb95486000 	C:\Windows\system32\IMM32.DLL
0x00007ffb94fb0000 - 0x00007ffb9510c000 	C:\Windows\system32\MSCTF.dll
0x0000000050470000 - 0x0000000050542000 	C:\Program Files\Java\jdk1.8.0_45\jre\bin\msvcr100.dll
0x0000000050e90000 - 0x0000000051713000 	C:\Program Files\Java\jdk1.8.0_45\jre\bin\server\jvm.dll
0x00007ffb957e0000 - 0x00007ffb957e8000 	C:\Windows\system32\PSAPI.DLL
0x00007ffb88f30000 - 0x00007ffb88f39000 	C:\Windows\SYSTEM32\WSOCK32.dll
0x00007ffb953e0000 - 0x00007ffb95449000 	C:\Windows\system32\WS2_32.dll
0x00007ffb95240000 - 0x00007ffb95248000 	C:\Windows\system32\NSI.dll
0x00007ffb91e80000 - 0x00007ffb91ea3000 	C:\Windows\SYSTEM32\WINMM.dll
0x00007ffb91e50000 - 0x00007ffb91e7c000 	C:\Windows\SYSTEM32\WINMMBASE.dll
0x00007ffb8f760000 - 0x00007ffb8f76a000 	C:\Windows\SYSTEM32\VERSION.dll
0x00007ffb943b0000 - 0x00007ffb943f4000 	C:\Windows\system32\cfgmgr32.dll
0x00007ffb92490000 - 0x00007ffb924b7000 	C:\Windows\SYSTEM32\DEVOBJ.dll
0x0000000052440000 - 0x000000005244f000 	C:\Program Files\Java\jdk1.8.0_45\jre\bin\verify.dll
0x0000000052410000 - 0x0000000052439000 	C:\Program Files\Java\jdk1.8.0_45\jre\bin\java.dll
0x0000000052260000 - 0x0000000052276000 	C:\Program Files\Java\jdk1.8.0_45\jre\bin\zip.dll
0x00007ffb95c70000 - 0x00007ffb97193000 	C:\Windows\system32\SHELL32.dll
0x00007ffb93c60000 - 0x00007ffb94289000 	C:\Windows\system32\windows.storage.dll
0x00007ffb94d30000 - 0x00007ffb94fac000 	C:\Windows\system32\combase.dll
0x00007ffb95ba0000 - 0x00007ffb95bf1000 	C:\Windows\system32\shlwapi.dll
0x00007ffb93c50000 - 0x00007ffb93c5f000 	C:\Windows\system32\kernel.appcore.dll
0x00007ffb94290000 - 0x00007ffb94343000 	C:\Windows\system32\shcore.dll
0x00007ffb93c00000 - 0x00007ffb93c4a000 	C:\Windows\system32\powrprof.dll
0x00007ffb93bc0000 - 0x00007ffb93bd3000 	C:\Windows\system32\profapi.dll
0x00007ffb74db0000 - 0x00007ffb74f3a000 	C:\Windows\SYSTEM32\dbghelp.dll

VM Arguments:
jvm_args: -Djava.awt.headless=true -Xmx1024M -Dfile.encoding=windows-1256 -Duser.country=SY -Duser.language=ar -Duser.variant 
java_command: com.android.dx.command.Main --dex --force-jumbo --num-threads=4 --output D:\upwork\android-project-DTDTASK\MyApplication\app\build\intermediates\pre-dexed\debug\com.android.support-support-media-compat-24.2.0_7bc23b31740da48e22e5d12d254f153fcaeae172.jar D:\upwork\android-project-DTDTASK\MyApplication\app\build\intermediates\exploded-aar\com.android.support\support-media-compat\24.2.0\jars\classes.jar
java_class_path (initial): C:\Users\AGHED\AppData\Local\Android\sdk\build-tools\24.0.2\lib\dx.jar
Launcher Type: SUN_STANDARD

Environment Variables:
PATH=C:\Program Files\Microsoft HPC Pack 2008 SDK\Bin\;C:\ProgramData\Oracle\Java\javapath;C:\Windows\system32;C:\Windows;C:\Windows\System32\Wbem;C:\Windows\System32\WindowsPowerShell\v1.0\;D:\Program Files (x86)\MATLAB\R2010a\runtime\win32;D:\Program Files (x86)\MATLAB\R2010a\bin;C:\Program Files (x86)\AMD\ATI.ACE\Core-Static;C:\Program Files (x86)\Common Files\lenovo\easyplussdk\bin;C:\Program Files (x86)\ATI Technologies\ATI.ACE\Core-Static;c:\Program Files (x86)\Microsoft SQL Server\100\Tools\Binn\;c:\Program Files\Microsoft SQL Server\100\Tools\Binn\;c:\Program Files\Microsoft SQL Server\100\DTS\Binn\;C:\xampp\php;C:\ProgramData\ComposerSetup\bin;C:\Users\AGHED\.dnx\bin;C:\Program Files\Microsoft DNX\Dnvm\;C:\Program Files (x86)\Windows Kits\8.1\Windows Performance Toolkit\;C:\Program Files\Microsoft SQL Server\120\Tools\Binn\;C:\Program Files\Git\cmd;C:\Program Files\nodejs\;C:\Users\AGHED\.dnx\bin;C:\Users\AGHED\AppData\Local\Programs\Python\Python36\Scripts\;C:\Users\AGHED\AppData\Local\Programs\Python\Python36\;C:\Program Files (x86)\Microsoft Visual Studio 10.0\VC\BIN;C:\WINDOWS\Microsoft.NET\Framework\v3.5;C:\WINDOWS\Micr osoft.NET\Framework\v2.0.50727;C:\Program Files (x86)\Microsoft Visual Studio 10.0\VC\VCPackages;C:\Program Files (x86)\Microsoft Visual Studio 10.0\Common7\IDE;C:\Program Files (x86)\Microsoft Visual Studio 10.0\Common7\Tools;C:\Program Files (x86)\Microsoft SDKs\Windows\v7.0A\Bin;C:\Program Files (x86)\Microsoft VS Code\bin;C:\Users\AGHED\AppData\Roaming\Composer\vendor\bin;C:\xampp\php\php.exe;C:\Users\AGHED\AppData\Roaming\npm
USERNAME=AGHED
OS=Windows_NT
PROCESSOR_IDENTIFIER=Intel64 Family 6 Model 37 Stepping 5, GenuineIntel



---------------  S Y S T E M  ---------------

OS: Windows 10.0 , 64 bit Build 10240 (10.0.10240.17113)

CPU:total 4 (2 cores per cpu, 2 threads per core) family 6 model 37 stepping 5, cmov, cx8, fxsr, mmx, sse, sse2, sse3, ssse3, sse4.1, sse4.2, popcnt, ht, tsc, tscinvbit

Memory: 4k page, physical 4053852k(435004k free), swap 5589852k(48k free)

vm_info: Java HotSpot(TM) 64-Bit Server VM (25.45-b02) for windows-amd64 JRE (1.8.0_45-b14), built on Apr 10 2015 10:34:15 by "java_re" with MS VC++ 10.0 (VS2010)

time: Wed Aug 16 16:18:37 2017
elapsed time: 4 seconds (0d 0h 0m 4s)

