#
# There is insufficient memory for the Java Runtime Environment to continue.
# Native memory allocation (malloc) failed to allocate 1196096 bytes for Chunk::new
# Possible reasons:
#   The system is out of physical RAM or swap space
#   In 32 bit mode, the process size limit was hit
# Possible solutions:
#   Reduce memory load on the system
#   Increase physical memory or swap space
#   Check if swap backing store is full
#   Use 64 bit Java on a 64 bit OS
#   Decrease Java heap size (-Xmx/-Xms)
#   Decrease number of Java threads
#   Decrease Java thread stack sizes (-Xss)
#   Set larger code cache with -XX:ReservedCodeCacheSize=
# This output file may be truncated or incomplete.
#
#  Out of Memory Error (allocation.cpp:390), pid=4964, tid=11460
#
# JRE version: Java(TM) SE Runtime Environment (8.0_45-b14) (build 1.8.0_45-b14)
# Java VM: Java HotSpot(TM) 64-Bit Server VM (25.45-b02 mixed mode windows-amd64 compressed oops)
# Failed to write core dump. Minidumps are not enabled by default on client versions of Windows
#

---------------  T H R E A D  ---------------

Current thread (0x00000000148ed800):  JavaThread "C2 CompilerThread0" daemon [_thread_in_native, id=11460, stack(0x0000000015df0000,0x0000000015ef0000)]

Stack: [0x0000000015df0000,0x0000000015ef0000]
Native frames: (J=compiled Java code, j=interpreted, Vv=VM code, C=native code)
V  [jvm.dll+0x32b57a]
V  [jvm.dll+0x279873]
V  [jvm.dll+0x27a509]
V  [jvm.dll+0x271825]
V  [jvm.dll+0xcb9e2]
V  [jvm.dll+0xcbeac]
V  [jvm.dll+0x476ef2]
V  [jvm.dll+0x4b955f]
V  [jvm.dll+0x46bf81]
V  [jvm.dll+0x46ccbe]
V  [jvm.dll+0x4500f2]
V  [jvm.dll+0xa4352]
V  [jvm.dll+0xa4c8f]
V  [jvm.dll+0x241984]
V  [jvm.dll+0x29853a]
C  [msvcr100.dll+0x21d9f]
C  [msvcr100.dll+0x21e3b]
C  [KERNEL32.DLL+0x12d92]
C  [ntdll.dll+0x9f64]


Current CompileTask:
C2:  15816 2311       4       com.android.dx.dex.code.OutputFinisher::addConstants (93 bytes)


---------------  P R O C E S S  ---------------

Java Threads: ( => current thread )
  0x0000000016041800 JavaThread "Service Thread" daemon [_thread_blocked, id=10336, stack(0x00000000164f0000,0x00000000165f0000)]
  0x000000001603b800 JavaThread "C1 CompilerThread2" daemon [_thread_blocked, id=10432, stack(0x00000000163f0000,0x00000000164f0000)]
  0x00000000148f0800 JavaThread "C2 CompilerThread1" daemon [_thread_in_native, id=8352, stack(0x0000000015ef0000,0x0000000015ff0000)]
=>0x00000000148ed800 JavaThread "C2 CompilerThread0" daemon [_thread_in_native, id=11460, stack(0x0000000015df0000,0x0000000015ef0000)]
  0x00000000148eb000 JavaThread "Attach Listener" daemon [_thread_blocked, id=7228, stack(0x0000000015cf0000,0x0000000015df0000)]
  0x000000001489a000 JavaThread "Signal Dispatcher" daemon [_thread_blocked, id=9832, stack(0x0000000015bf0000,0x0000000015cf0000)]
  0x00000000021c3000 JavaThread "Finalizer" daemon [_thread_blocked, id=4016, stack(0x0000000015af0000,0x0000000015bf0000)]
  0x00000000021bf000 JavaThread "Reference Handler" daemon [_thread_blocked, id=12144, stack(0x00000000159f0000,0x0000000015af0000)]
  0x00000000020ce000 JavaThread "main" [_thread_in_vm, id=8844, stack(0x0000000001f60000,0x0000000002060000)]

Other Threads:
  0x0000000014868000 VMThread [stack: 0x00000000158f0000,0x00000000159f0000] [id=10504]
  0x000000001604a800 WatcherThread [stack: 0x00000000165f0000,0x00000000166f0000] [id=9120]

VM state:not at safepoint (normal execution)

VM Mutex/Monitor currently owned by a thread: None

Heap:
 PSYoungGen      total 140800K, used 8762K [0x00000000eab00000, 0x00000000fd100000, 0x0000000100000000)
  eden space 125952K, 1% used [0x00000000eab00000,0x00000000ead19660,0x00000000f2600000)
  from space 14848K, 44% used [0x00000000f2600000,0x00000000f2c75360,0x00000000f3480000)
  to   space 24576K, 0% used [0x00000000fb900000,0x00000000fb900000,0x00000000fd100000)
 ParOldGen       total 79360K, used 42246K [0x00000000c0000000, 0x00000000c4d80000, 0x00000000eab00000)
  object space 79360K, 53% used [0x00000000c0000000,0x00000000c2941858,0x00000000c4d80000)
 Metaspace       used 6696K, capacity 7384K, committed 7680K, reserved 1056768K
  class space    used 633K, capacity 656K, committed 768K, reserved 1048576K

Card table byte_map: [0x0000000011590000,0x00000000117a0000] byte_map_base: 0x0000000010f90000

Marking Bits: (ParMarkBitMap*) 0x0000000051694040
 Begin Bits: [0x0000000011d00000, 0x0000000012d00000)
 End Bits:   [0x0000000012d00000, 0x0000000013d00000)

Polling page: 0x0000000000890000

CodeCache: size=245760Kb used=10000Kb max_used=10000Kb free=235759Kb
 bounds [0x00000000021d0000, 0x0000000002ba0000, 0x00000000111d0000]
 total_blobs=2457 nmethods=2188 adapters=182
 compilation: enabled

Compilation events (10 events):
Event: 15.790 Thread 0x000000001603b800 nmethod 2394 0x0000000002b90c50 code [0x0000000002b90de0, 0x0000000002b91138]
Event: 15.790 Thread 0x000000001603b800 2395       2       com.android.dx.dex.code.DalvInsn::setAddress (20 bytes)
Event: 15.791 Thread 0x000000001603b800 nmethod 2395 0x0000000002b91450 code [0x0000000002b915c0, 0x0000000002b917c8]
Event: 15.791 Thread 0x000000001603b800 2396       2       com.android.dx.dex.code.DalvInsnList::set (7 bytes)
Event: 15.791 Thread 0x000000001603b800 nmethod 2396 0x0000000002b91890 code [0x0000000002b91a40, 0x0000000002b91e88]
Event: 15.791 Thread 0x000000001603b800 2397       2       com.android.dx.dex.code.LocalList$MakeState::filterSpec (24 bytes)
Event: 15.791 Thread 0x000000001603b800 nmethod 2397 0x0000000002b92310 code [0x0000000002b92480, 0x0000000002b92658]
Event: 15.793 Thread 0x000000001603b800 2399       2       com.android.dx.dex.code.DalvInsn::getAddress (22 bytes)
Event: 15.793 Thread 0x000000001603b800 nmethod 2399 0x0000000002b92750 code [0x0000000002b928c0, 0x0000000002b92ac8]
Event: 15.793 Thread 0x000000001603b800 2400       2       com.android.dx.rop.code.RegisterSpec::matchesVariable (68 bytes)

GC Heap History (10 events):
Event: 5.712 GC heap before
{Heap before GC invocations=4 (full 0):
 PSYoungGen      total 34304K, used 34277K [0x00000000eab00000, 0x00000000eee00000, 0x0000000100000000)
  eden space 31744K, 100% used [0x00000000eab00000,0x00000000eca00000,0x00000000eca00000)
  from space 2560K, 98% used [0x00000000eca00000,0x00000000ecc79770,0x00000000ecc80000)
  to   space 2560K, 0% used [0x00000000eeb80000,0x00000000eeb80000,0x00000000eee00000)
 ParOldGen       total 42496K, used 7477K [0x00000000c0000000, 0x00000000c2980000, 0x00000000eab00000)
  object space 42496K, 17% used [0x00000000c0000000,0x00000000c074d620,0x00000000c2980000)
 Metaspace       used 6251K, capacity 7088K, committed 7296K, reserved 1056768K
  class space    used 596K, capacity 616K, committed 640K, reserved 1048576K
Event: 5.751 GC heap after
Heap after GC invocations=4 (full 0):
 PSYoungGen      total 66048K, used 2552K [0x00000000eab00000, 0x00000000eee00000, 0x0000000100000000)
  eden space 63488K, 0% used [0x00000000eab00000,0x00000000eab00000,0x00000000ee900000)
  from space 2560K, 99% used [0x00000000eeb80000,0x00000000eedfe210,0x00000000eee00000)
  to   space 2560K, 0% used [0x00000000ee900000,0x00000000ee900000,0x00000000eeb80000)
 ParOldGen       total 42496K, used 12370K [0x00000000c0000000, 0x00000000c2980000, 0x00000000eab00000)
  object space 42496K, 29% used [0x00000000c0000000,0x00000000c0c149a0,0x00000000c2980000)
 Metaspace       used 6251K, capacity 7088K, committed 7296K, reserved 1056768K
  class space    used 596K, capacity 616K, committed 640K, reserved 1048576K
}
Event: 8.245 GC heap before
{Heap before GC invocations=5 (full 0):
 PSYoungGen      total 66048K, used 66040K [0x00000000eab00000, 0x00000000eee00000, 0x0000000100000000)
  eden space 63488K, 100% used [0x00000000eab00000,0x00000000ee900000,0x00000000ee900000)
  from space 2560K, 99% used [0x00000000eeb80000,0x00000000eedfe210,0x00000000eee00000)
  to   space 2560K, 0% used [0x00000000ee900000,0x00000000ee900000,0x00000000eeb80000)
 ParOldGen       total 42496K, used 12370K [0x00000000c0000000, 0x00000000c2980000, 0x00000000eab00000)
  object space 42496K, 29% used [0x00000000c0000000,0x00000000c0c149a0,0x00000000c2980000)
 Metaspace       used 6294K, capacity 7152K, committed 7296K, reserved 1056768K
  class space    used 597K, capacity 616K, committed 640K, reserved 1048576K
Event: 8.399 GC heap after
Heap after GC invocations=5 (full 0):
 PSYoungGen      total 66048K, used 2546K [0x00000000eab00000, 0x00000000f4200000, 0x0000000100000000)
  eden space 63488K, 0% used [0x00000000eab00000,0x00000000eab00000,0x00000000ee900000)
  from space 2560K, 99% used [0x00000000ee900000,0x00000000eeb7cbe0,0x00000000eeb80000)
  to   space 13824K, 0% used [0x00000000f3480000,0x00000000f3480000,0x00000000f4200000)
 ParOldGen       total 42496K, used 22477K [0x00000000c0000000, 0x00000000c2980000, 0x00000000eab00000)
  object space 42496K, 52% used [0x00000000c0000000,0x00000000c15f36f0,0x00000000c2980000)
 Metaspace       used 6294K, capacity 7152K, committed 7296K, reserved 1056768K
  class space    used 597K, capacity 616K, committed 640K, reserved 1048576K
}
Event: 12.212 GC heap before
{Heap before GC invocations=6 (full 0):
 PSYoungGen      total 66048K, used 66034K [0x00000000eab00000, 0x00000000f4200000, 0x0000000100000000)
  eden space 63488K, 100% used [0x00000000eab00000,0x00000000ee900000,0x00000000ee900000)
  from space 2560K, 99% used [0x00000000ee900000,0x00000000eeb7cbe0,0x00000000eeb80000)
  to   space 13824K, 0% used [0x00000000f3480000,0x00000000f3480000,0x00000000f4200000)
 ParOldGen       total 42496K, used 22477K [0x00000000c0000000, 0x00000000c2980000, 0x00000000eab00000)
  object space 42496K, 52% used [0x00000000c0000000,0x00000000c15f36f0,0x00000000c2980000)
 Metaspace       used 6416K, capacity 7192K, committed 7424K, reserved 1056768K
  class space    used 617K, capacity 656K, committed 768K, reserved 1048576K
Event: 12.445 GC heap after
Heap after GC invocations=6 (full 0):
 PSYoungGen      total 139776K, used 11189K [0x00000000eab00000, 0x00000000f4400000, 0x0000000100000000)
  eden space 125952K, 0% used [0x00000000eab00000,0x00000000eab00000,0x00000000f2600000)
  from space 13824K, 80% used [0x00000000f3480000,0x00000000f3f6d760,0x00000000f4200000)
  to   space 14848K, 0% used [0x00000000f2600000,0x00000000f2600000,0x00000000f3480000)
 ParOldGen       total 42496K, used 22477K [0x00000000c0000000, 0x00000000c2980000, 0x00000000eab00000)
  object space 42496K, 52% used [0x00000000c0000000,0x00000000c15f36f0,0x00000000c2980000)
 Metaspace       used 6416K, capacity 7192K, committed 7424K, reserved 1056768K
  class space    used 617K, capacity 656K, committed 768K, reserved 1048576K
}
Event: 14.720 GC heap before
{Heap before GC invocations=7 (full 0):
 PSYoungGen      total 139776K, used 137141K [0x00000000eab00000, 0x00000000f4400000, 0x0000000100000000)
  eden space 125952K, 100% used [0x00000000eab00000,0x00000000f2600000,0x00000000f2600000)
  from space 13824K, 80% used [0x00000000f3480000,0x00000000f3f6d760,0x00000000f4200000)
  to   space 14848K, 0% used [0x00000000f2600000,0x00000000f2600000,0x00000000f3480000)
 ParOldGen       total 42496K, used 22477K [0x00000000c0000000, 0x00000000c2980000, 0x00000000eab00000)
  object space 42496K, 52% used [0x00000000c0000000,0x00000000c15f36f0,0x00000000c2980000)
 Metaspace       used 6561K, capacity 7256K, committed 7424K, reserved 1056768K
  class space    used 622K, capacity 656K, committed 768K, reserved 1048576K
Event: 14.871 GC heap after
Heap after GC invocations=7 (full 0):
 PSYoungGen      total 140800K, used 14833K [0x00000000eab00000, 0x00000000fd100000, 0x0000000100000000)
  eden space 125952K, 0% used [0x00000000eab00000,0x00000000eab00000,0x00000000f2600000)
  from space 14848K, 99% used [0x00000000f2600000,0x00000000f347c438,0x00000000f3480000)
  to   space 24576K, 0% used [0x00000000fb900000,0x00000000fb900000,0x00000000fd100000)
 ParOldGen       total 42496K, used 36560K [0x00000000c0000000, 0x00000000c2980000, 0x00000000eab00000)
  object space 42496K, 86% used [0x00000000c0000000,0x00000000c23b4340,0x00000000c2980000)
 Metaspace       used 6561K, capacity 7256K, committed 7424K, reserved 1056768K
  class space    used 622K, capacity 656K, committed 768K, reserved 1048576K
}
Event: 14.871 GC heap before
{Heap before GC invocations=8 (full 1):
 PSYoungGen      total 140800K, used 14833K [0x00000000eab00000, 0x00000000fd100000, 0x0000000100000000)
  eden space 125952K, 0% used [0x00000000eab00000,0x00000000eab00000,0x00000000f2600000)
  from space 14848K, 99% used [0x00000000f2600000,0x00000000f347c438,0x00000000f3480000)
  to   space 24576K, 0% used [0x00000000fb900000,0x00000000fb900000,0x00000000fd100000)
 ParOldGen       total 42496K, used 36560K [0x00000000c0000000, 0x00000000c2980000, 0x00000000eab00000)
  object space 42496K, 86% used [0x00000000c0000000,0x00000000c23b4340,0x00000000c2980000)
 Metaspace       used 6561K, capacity 7256K, committed 7424K, reserved 1056768K
  class space    used 622K, capacity 656K, committed 768K, reserved 1048576K
Event: 15.621 GC heap after
Heap after GC invocations=8 (full 1):
 PSYoungGen      total 140800K, used 6612K [0x00000000eab00000, 0x00000000fd100000, 0x0000000100000000)
  eden space 125952K, 0% used [0x00000000eab00000,0x00000000eab00000,0x00000000f2600000)
  from space 14848K, 44% used [0x00000000f2600000,0x00000000f2c75360,0x00000000f3480000)
  to   space 24576K, 0% used [0x00000000fb900000,0x00000000fb900000,0x00000000fd100000)
 ParOldGen       total 79360K, used 42246K [0x00000000c0000000, 0x00000000c4d80000, 0x00000000eab00000)
  object space 79360K, 53% used [0x00000000c0000000,0x00000000c2941858,0x00000000c4d80000)
 Metaspace       used 6561K, capacity 7256K, committed 7424K, reserved 1056768K
  class space    used 622K, capacity 656K, committed 768K, reserved 1048576K
}

Deoptimization events (10 events):
Event: 13.566 Thread 0x00000000162c8800 Uncommon trap: reason=unstable_if action=reinterpret pc=0x00000000029473b0 method=com.android.dx.rop.cst.CstNat.equals(Ljava/lang/Object;)Z @ 25
Event: 13.573 Thread 0x00000000162ca000 Uncommon trap: reason=class_check action=maybe_recompile pc=0x0000000002b1f87c method=com.android.dx.ssa.back.FirstFitLocalCombiningAllocator.findNextUnreservedRopReg(IILcom/android/dx/ssa/back/FirstFitLocalCombiningAllocator$Alignment;)I @ 60
Event: 13.573 Thread 0x00000000162ca000 Uncommon trap: reason=class_check action=maybe_recompile pc=0x0000000002b1f87c method=com.android.dx.ssa.back.FirstFitLocalCombiningAllocator.findNextUnreservedRopReg(IILcom/android/dx/ssa/back/FirstFitLocalCombiningAllocator$Alignment;)I @ 60
Event: 13.855 Thread 0x00000000162ca000 Uncommon trap: reason=bimorphic action=maybe_recompile pc=0x0000000002a22424 method=com.android.dx.cf.code.BytecodeArray.parseInstruction(ILcom/android/dx/cf/code/BytecodeArray$Visitor;)I @ 1287
Event: 13.855 Thread 0x00000000162ca000 Uncommon trap: reason=bimorphic action=maybe_recompile pc=0x0000000002a22424 method=com.android.dx.cf.code.BytecodeArray.parseInstruction(ILcom/android/dx/cf/code/BytecodeArray$Visitor;)I @ 1287
Event: 14.405 Thread 0x00000000020ce000 Uncommon trap: reason=class_check action=maybe_recompile pc=0x0000000002641288 method=java.util.Arrays.hashCode([Ljava/lang/Object;)I @ 43
Event: 14.405 Thread 0x00000000020ce000 Uncommon trap: reason=class_check action=maybe_recompile pc=0x0000000002641288 method=java.util.Arrays.hashCode([Ljava/lang/Object;)I @ 43
Event: 14.406 Thread 0x00000000020ce000 Uncommon trap: reason=class_check action=maybe_recompile pc=0x0000000002641288 method=java.util.Arrays.hashCode([Ljava/lang/Object;)I @ 43
Event: 14.406 Thread 0x00000000020ce000 Uncommon trap: reason=class_check action=maybe_recompile pc=0x0000000002641288 method=java.util.Arrays.hashCode([Ljava/lang/Object;)I @ 43
Event: 14.406 Thread 0x00000000020ce000 Uncommon trap: reason=class_check action=maybe_recompile pc=0x00000000026557a8 method=java.util.Arrays.hashCode([Ljava/lang/Object;)I @ 43

Internal exceptions (6 events):
Event: 0.069 Thread 0x00000000020ce000 Exception <a 'java/lang/NoSuchMethodError': Method sun.misc.Unsafe.defineClass(Ljava/lang/String;[BII)Ljava/lang/Class; name or signature does not match> (0x00000000eab12f28) thrown at [C:\re\workspace\8-2-build-windows-amd64-cygwin\jdk8u45\3457\hotspot\sr–hõAê‹±?
Event: 0.070 Thread 0x00000000020ce000 Exception <a 'java/lang/NoSuchMethodError': Method sun.misc.Unsafe.prefetchRead(Ljava/lang/Object;J)V name or signature does not match> (0x00000000eab131b8) thrown at [C:\re\workspace\8-2-build-windows-amd64-cygwin\jdk8u45\3457\hotspot\src\share\vm\prims\jÒ$@"p+@
Event: 5.042 Thread 0x0000000016283800 Implicit null exception at 0x000000000284efa5 to 0x0000000002851449
Event: 10.428 Thread 0x00000000162c5000 Exception <a 'java/lang/ArrayIndexOutOfBoundsException': 18> (0x00000000ec6a0000) thrown at [C:\re\workspace\8-2-build-windows-amd64-cygwin\jdk8u45\3457\hotspot\src\share\vm\interpreter\interpreterRuntime.cpp, line 366]
Event: 10.429 Thread 0x00000000162c5000 Exception <a 'java/lang/ArrayIndexOutOfBoundsException'> (0x00000000ec6a1ad0) thrown at [C:\re\workspace\8-2-build-windows-amd64-cygwin\jdk8u45\3457\hotspot\src\share\vm\runtime\sharedRuntime.cpp, line 605]
Event: 10.480 Thread 0x00000000162c5000 Exception <a 'java/lang/ArrayIndexOutOfBoundsException'> (0x00000000ec6a2d08) thrown at [C:\re\workspace\8-2-build-windows-amd64-cygwin\jdk8u45\3457\hotspot\src\share\vm\runtime\sharedRuntime.cpp, line 605]

Events (10 events):
Event: 15.782 loading class com/android/dx/dex/code/LocalList$MakeState
Event: 15.782 loading class com/android/dx/dex/code/LocalList$MakeState done
Event: 15.784 loading class com/android/dx/dex/code/LocalList$Disposition
Event: 15.784 loading class com/android/dx/dex/code/LocalList$Disposition done
Event: 15.785 loading class com/android/dx/dex/code/LocalList$Entry
Event: 15.785 loading class com/android/dx/dex/code/LocalList$Entry done
Event: 15.785 loading class com/android/dx/dex/code/CatchHandlerList
Event: 15.785 loading class com/android/dx/dex/code/CatchHandlerList done
Event: 15.787 loading class com/android/dx/dex/code/CatchTable
Event: 15.787 loading class com/android/dx/dex/code/CatchTable done


Dynamic libraries:
0x00007ff675e20000 - 0x00007ff675e57000 	C:\Program Files\Java\jdk1.8.0_45\bin\java.exe
0x00007ffb971a0000 - 0x00007ffb97362000 	C:\Windows\SYSTEM32\ntdll.dll
0x00007ffb949b0000 - 0x00007ffb94a5d000 	C:\Windows\system32\KERNEL32.DLL
0x00007ffb94680000 - 0x00007ffb9485d000 	C:\Windows\system32\KERNELBASE.dll
0x00007ffb94a80000 - 0x00007ffb94b26000 	C:\Windows\system32\ADVAPI32.dll
0x00007ffb95b00000 - 0x00007ffb95b9d000 	C:\Windows\system32\msvcrt.dll
0x00007ffb94b90000 - 0x00007ffb94beb000 	C:\Windows\system32\sechost.dll
0x00007ffb95110000 - 0x00007ffb95236000 	C:\Windows\system32\RPCRT4.dll
0x00007ffb94860000 - 0x00007ffb949ae000 	C:\Windows\system32\USER32.dll
0x00007ffb95250000 - 0x00007ffb953d5000 	C:\Windows\system32\GDI32.dll
0x00007ffb86010000 - 0x00007ffb86284000 	C:\Windows\WinSxS\amd64_microsoft.windows.common-controls_6595b64144ccf1df_6.0.10240.17113_none_f41e180257520c58\COMCTL32.dll
0x00007ffb95450000 - 0x00007ffb95486000 	C:\Windows\system32\IMM32.DLL
0x00007ffb94fb0000 - 0x00007ffb9510c000 	C:\Windows\system32\MSCTF.dll
0x0000000050470000 - 0x0000000050542000 	C:\Program Files\Java\jdk1.8.0_45\jre\bin\msvcr100.dll
0x0000000050e90000 - 0x0000000051713000 	C:\Program Files\Java\jdk1.8.0_45\jre\bin\server\jvm.dll
0x00007ffb957e0000 - 0x00007ffb957e8000 	C:\Windows\system32\PSAPI.DLL
0x00007ffb88f30000 - 0x00007ffb88f39000 	C:\Windows\SYSTEM32\WSOCK32.dll
0x00007ffb953e0000 - 0x00007ffb95449000 	C:\Windows\system32\WS2_32.dll
0x00007ffb95240000 - 0x00007ffb95248000 	C:\Windows\system32\NSI.dll
0x00007ffb91e80000 - 0x00007ffb91ea3000 	C:\Windows\SYSTEM32\WINMM.dll
0x00007ffb8f760000 - 0x00007ffb8f76a000 	C:\Windows\SYSTEM32\VERSION.dll
0x00007ffb91e50000 - 0x00007ffb91e7c000 	C:\Windows\SYSTEM32\WINMMBASE.dll
0x00007ffb943b0000 - 0x00007ffb943f4000 	C:\Windows\system32\cfgmgr32.dll
0x00007ffb92490000 - 0x00007ffb924b7000 	C:\Windows\SYSTEM32\DEVOBJ.dll
0x0000000052440000 - 0x000000005244f000 	C:\Program Files\Java\jdk1.8.0_45\jre\bin\verify.dll
0x0000000052410000 - 0x0000000052439000 	C:\Program Files\Java\jdk1.8.0_45\jre\bin\java.dll
0x0000000052260000 - 0x0000000052276000 	C:\Program Files\Java\jdk1.8.0_45\jre\bin\zip.dll
0x00007ffb95c70000 - 0x00007ffb97193000 	C:\Windows\system32\SHELL32.dll
0x00007ffb93c60000 - 0x00007ffb94289000 	C:\Windows\system32\windows.storage.dll
0x00007ffb94d30000 - 0x00007ffb94fac000 	C:\Windows\system32\combase.dll
0x00007ffb95ba0000 - 0x00007ffb95bf1000 	C:\Windows\system32\shlwapi.dll
0x00007ffb93c50000 - 0x00007ffb93c5f000 	C:\Windows\system32\kernel.appcore.dll
0x00007ffb94290000 - 0x00007ffb94343000 	C:\Windows\system32\shcore.dll
0x00007ffb93c00000 - 0x00007ffb93c4a000 	C:\Windows\system32\powrprof.dll
0x00007ffb93bc0000 - 0x00007ffb93bd3000 	C:\Windows\system32\profapi.dll
0x00007ffb74db0000 - 0x00007ffb74f3a000 	C:\Windows\SYSTEM32\dbghelp.dll

VM Arguments:
jvm_args: -Djava.awt.headless=true -Xmx1024M -Dfile.encoding=windows-1256 -Duser.country=SY -Duser.language=ar -Duser.variant 
java_command: com.android.dx.command.Main --dex --force-jumbo --num-threads=4 --output D:\upwork\android-project-DTDTASK\MyApplication\app\build\intermediates\pre-dexed\debug\com.android.support-appcompat-v7-24.2.0_cd6fc679e29287a51a5a5bfc4d29574c3d14e721.jar D:\upwork\android-project-DTDTASK\MyApplication\app\build\intermediates\exploded-aar\com.android.support\appcompat-v7\24.2.0\jars\classes.jar
java_class_path (initial): C:\Users\AGHED\AppData\Local\Android\sdk\build-tools\24.0.2\lib\dx.jar
Launcher Type: SUN_STANDARD

Environment Variables:
PATH=C:\Program Files\Microsoft HPC Pack 2008 SDK\Bin\;C:\ProgramData\Oracle\Java\javapath;C:\Windows\system32;C:\Windows;C:\Windows\System32\Wbem;C:\Windows\System32\WindowsPowerShell\v1.0\;D:\Program Files (x86)\MATLAB\R2010a\runtime\win32;D:\Program Files (x86)\MATLAB\R2010a\bin;C:\Program Files (x86)\AMD\ATI.ACE\Core-Static;C:\Program Files (x86)\Common Files\lenovo\easyplussdk\bin;C:\Program Files (x86)\ATI Technologies\ATI.ACE\Core-Static;c:\Program Files (x86)\Microsoft SQL Server\100\Tools\Binn\;c:\Program Files\Microsoft SQL Server\100\Tools\Binn\;c:\Program Files\Microsoft SQL Server\100\DTS\Binn\;C:\xampp\php;C:\ProgramData\ComposerSetup\bin;C:\Users\AGHED\.dnx\bin;C:\Program Files\Microsoft DNX\Dnvm\;C:\Program Files (x86)\Windows Kits\8.1\Windows Performance Toolkit\;C:\Program Files\Microsoft SQL Server\120\Tools\Binn\;C:\Program Files\Git\cmd;C:\Program Files\nodejs\;C:\Users\AGHED\.dnx\bin;C:\Users\AGHED\AppData\Local\Programs\Python\Python36\Scripts\;C:\Users\AGHED\AppData\Local\Programs\Python\Python36\;C:\Program Files (x86)\Microsoft Visual Studio 10.0\VC\BIN;C:\WINDOWS\Microsoft.NET\Framework\v3.5;C:\WINDOWS\Micr osoft.NET\Framework\v2.0.50727;C:\Program Files (x86)\Microsoft Visual Studio 10.0\VC\VCPackages;C:\Program Files (x86)\Microsoft Visual Studio 10.0\Common7\IDE;C:\Program Files (x86)\Microsoft Visual Studio 10.0\Common7\Tools;C:\Program Files (x86)\Microsoft SDKs\Windows\v7.0A\Bin;C:\Program Files (x86)\Microsoft VS Code\bin;C:\Users\AGHED\AppData\Roaming\Composer\vendor\bin;C:\xampp\php\php.exe;C:\Users\AGHED\AppData\Roaming\npm
USERNAME=AGHED
OS=Windows_NT
PROCESSOR_IDENTIFIER=Intel64 Family 6 Model 37 Stepping 5, GenuineIntel



---------------  S Y S T E M  ---------------

OS: Windows 10.0 , 64 bit Build 10240 (10.0.10240.17113)

CPU:total 4 (2 cores per cpu, 2 threads per core) family 6 model 37 stepping 5, cmov, cx8, fxsr, mmx, sse, sse2, sse3, ssse3, sse4.1, sse4.2, popcnt, ht, tsc, tscinvbit

Memory: 4k page, physical 4053852k(300044k free), swap 5589852k(5136k free)

vm_info: Java HotSpot(TM) 64-Bit Server VM (25.45-b02) for windows-amd64 JRE (1.8.0_45-b14), built on Apr 10 2015 10:34:15 by "java_re" with MS VC++ 10.0 (VS2010)

time: Wed Aug 16 15:11:56 2017
elapsed time: 15 seconds (0d 0h 0m 15s)

