#
# There is insufficient memory for the Java Runtime Environment to continue.
# Native memory allocation (malloc) failed to allocate 765392 bytes for Chunk::new
# Possible reasons:
#   The system is out of physical RAM or swap space
#   In 32 bit mode, the process size limit was hit
# Possible solutions:
#   Reduce memory load on the system
#   Increase physical memory or swap space
#   Check if swap backing store is full
#   Use 64 bit Java on a 64 bit OS
#   Decrease Java heap size (-Xmx/-Xms)
#   Decrease number of Java threads
#   Decrease Java thread stack sizes (-Xss)
#   Set larger code cache with -XX:ReservedCodeCacheSize=
# This output file may be truncated or incomplete.
#
#  Out of Memory Error (allocation.cpp:390), pid=4176, tid=4440
#
# JRE version: Java(TM) SE Runtime Environment (8.0_45-b14) (build 1.8.0_45-b14)
# Java VM: Java HotSpot(TM) 64-Bit Server VM (25.45-b02 mixed mode windows-amd64 compressed oops)
# Failed to write core dump. Minidumps are not enabled by default on client versions of Windows
#

---------------  T H R E A D  ---------------

Current thread (0x0000000014b0b800):  JavaThread "C2 CompilerThread1" daemon [_thread_in_native, id=4440, stack(0x0000000016500000,0x0000000016600000)]

Stack: [0x0000000016500000,0x0000000016600000]
Native frames: (J=compiled Java code, j=interpreted, Vv=VM code, C=native code)
V  [jvm.dll+0x32b57a]
V  [jvm.dll+0x279873]
V  [jvm.dll+0x27a509]
V  [jvm.dll+0x271825]
V  [jvm.dll+0xcb9e2]
V  [jvm.dll+0xcbeac]
V  [jvm.dll+0x464342]
V  [jvm.dll+0x4db685]
V  [jvm.dll+0x4dc287]
V  [jvm.dll+0x46a551]
V  [jvm.dll+0x46cd52]
V  [jvm.dll+0x4500f2]
V  [jvm.dll+0xa4352]
V  [jvm.dll+0xa4c8f]
V  [jvm.dll+0x241984]
V  [jvm.dll+0x29853a]
C  [msvcr100.dll+0x21d9f]
C  [msvcr100.dll+0x21e3b]
C  [KERNEL32.DLL+0x12d92]
C  [ntdll.dll+0x9f64]


Current CompileTask:
C2:   4450 1434       4       com.android.dx.ssa.SsaRenamer$BlockRenamer::process (191 bytes)


---------------  P R O C E S S  ---------------

Java Threads: ( => current thread )
  0x00000000164c4000 JavaThread "pool-1-thread-4" [_thread_blocked, id=1564, stack(0x0000000017500000,0x0000000017600000)]
  0x00000000164c3000 JavaThread "pool-1-thread-3" [_thread_in_Java, id=12248, stack(0x0000000017400000,0x0000000017500000)]
  0x00000000164d6800 JavaThread "pool-1-thread-2" [_thread_in_Java, id=4024, stack(0x0000000017300000,0x0000000017400000)]
  0x00000000163a4000 JavaThread "pool-2-thread-1" [_thread_blocked, id=10508, stack(0x0000000017200000,0x0000000017300000)]
  0x00000000163a1800 JavaThread "pool-1-thread-1" [_thread_in_Java, id=8708, stack(0x0000000017100000,0x0000000017200000)]
  0x0000000016159000 JavaThread "Service Thread" daemon [_thread_blocked, id=10016, stack(0x0000000016700000,0x0000000016800000)]
  0x000000001614e000 JavaThread "C1 CompilerThread2" daemon [_thread_blocked, id=5476, stack(0x0000000016600000,0x0000000016700000)]
=>0x0000000014b0b800 JavaThread "C2 CompilerThread1" daemon [_thread_in_native, id=4440, stack(0x0000000016500000,0x0000000016600000)]
  0x0000000014afd800 JavaThread "C2 CompilerThread0" daemon [_thread_in_native, id=9220, stack(0x0000000016000000,0x0000000016100000)]
  0x0000000014afb000 JavaThread "Attach Listener" daemon [_thread_blocked, id=9672, stack(0x0000000015f00000,0x0000000016000000)]
  0x0000000014aaa000 JavaThread "Signal Dispatcher" daemon [_thread_blocked, id=5364, stack(0x0000000015e00000,0x0000000015f00000)]
  0x00000000023d2800 JavaThread "Finalizer" daemon [_thread_blocked, id=5264, stack(0x0000000015d00000,0x0000000015e00000)]
  0x00000000023cf000 JavaThread "Reference Handler" daemon [_thread_blocked, id=6980, stack(0x0000000015c00000,0x0000000015d00000)]
  0x00000000022de000 JavaThread "main" [_thread_blocked, id=11340, stack(0x00000000021c0000,0x00000000022c0000)]

Other Threads:
  0x0000000014a77000 VMThread [stack: 0x0000000015b00000,0x0000000015c00000] [id=6684]
  0x000000001615a800 WatcherThread [stack: 0x0000000016800000,0x0000000016900000] [id=3392]

VM state:not at safepoint (normal execution)

VM Mutex/Monitor currently owned by a thread: None

Heap:
 PSYoungGen      total 34304K, used 12362K [0x00000000eab00000, 0x00000000ecf00000, 0x0000000100000000)
  eden space 31744K, 30% used [0x00000000eab00000,0x00000000eb496958,0x00000000eca00000)
  from space 2560K, 99% used [0x00000000eca00000,0x00000000ecc7c038,0x00000000ecc80000)
  to   space 2560K, 0% used [0x00000000ecc80000,0x00000000ecc80000,0x00000000ecf00000)
 ParOldGen       total 42496K, used 6884K [0x00000000c0000000, 0x00000000c2980000, 0x00000000eab00000)
  object space 42496K, 16% used [0x00000000c0000000,0x00000000c06b9100,0x00000000c2980000)
 Metaspace       used 6182K, capacity 7088K, committed 7296K, reserved 1056768K
  class space    used 596K, capacity 616K, committed 640K, reserved 1048576K

Card table byte_map: [0x00000000117a0000,0x00000000119b0000] byte_map_base: 0x00000000111a0000

Marking Bits: (ParMarkBitMap*) 0x0000000051694040
 Begin Bits: [0x0000000011f10000, 0x0000000012f10000)
 End Bits:   [0x0000000012f10000, 0x0000000013f10000)

Polling page: 0x0000000002130000

CodeCache: size=245760Kb used=6250Kb max_used=6250Kb free=239509Kb
 bounds [0x00000000023e0000, 0x0000000002a00000, 0x00000000113e0000]
 total_blobs=1743 nmethods=1473 adapters=182
 compilation: disabled (not enough contiguous free space left)

Compilation events (10 events):
Event: 3.518 Thread 0x000000001614e000 nmethod 1445 0x00000000029caed0 code [0x00000000029cb100, 0x00000000029cbdb8]
Event: 3.591 Thread 0x0000000014b0b800 nmethod 1429 0x00000000029d0ad0 code [0x00000000029d0da0, 0x00000000029d25c0]
Event: 3.591 Thread 0x0000000014b0b800 1434       4       com.android.dx.ssa.SsaRenamer$BlockRenamer::process (191 bytes)
Event: 3.634 Thread 0x0000000014afd800 nmethod 1373 0x00000000029da110 code [0x00000000029da5a0, 0x00000000029de920]
Event: 3.634 Thread 0x0000000014afd800 1441       4       com.android.dx.cf.code.Ropper::getAvailableLabel (54 bytes)
Event: 3.646 Thread 0x0000000014afd800 nmethod 1441 0x00000000029c0b50 code [0x00000000029c0cc0, 0x00000000029c10d8]
Event: 3.646 Thread 0x0000000014afd800 1432   !   4       com.android.dx.cf.code.BaseMachine::arg (36 bytes)
Event: 3.647 Thread 0x0000000014afd800 nmethod 1432 0x00000000029cdb50 code [0x00000000029cdc80, 0x00000000029cdd38]
Event: 4.125 Thread 0x000000001614e000 1446       3       com.android.dx.cf.code.RopperMachine::updateReturnOp (115 bytes)
Event: 4.127 Thread 0x000000001614e000 nmethod 1446 0x00000000029cedd0 code [0x00000000029cf060, 0x00000000029d0298]

GC Heap History (4 events):
Event: 1.181 GC heap before
{Heap before GC invocations=1 (full 0):
 PSYoungGen      total 18432K, used 15872K [0x00000000eab00000, 0x00000000ebf80000, 0x0000000100000000)
  eden space 15872K, 100% used [0x00000000eab00000,0x00000000eba80000,0x00000000eba80000)
  from space 2560K, 0% used [0x00000000ebd00000,0x00000000ebd00000,0x00000000ebf80000)
  to   space 2560K, 0% used [0x00000000eba80000,0x00000000eba80000,0x00000000ebd00000)
 ParOldGen       total 42496K, used 0K [0x00000000c0000000, 0x00000000c2980000, 0x00000000eab00000)
  object space 42496K, 0% used [0x00000000c0000000,0x00000000c0000000,0x00000000c2980000)
 Metaspace       used 5247K, capacity 6256K, committed 6528K, reserved 1056768K
  class space    used 572K, capacity 616K, committed 640K, reserved 1048576K
Event: 1.194 GC heap after
Heap after GC invocations=1 (full 0):
 PSYoungGen      total 18432K, used 2531K [0x00000000eab00000, 0x00000000ecf00000, 0x0000000100000000)
  eden space 15872K, 0% used [0x00000000eab00000,0x00000000eab00000,0x00000000eba80000)
  from space 2560K, 98% used [0x00000000eba80000,0x00000000ebcf8f58,0x00000000ebd00000)
  to   space 2560K, 0% used [0x00000000ecc80000,0x00000000ecc80000,0x00000000ecf00000)
 ParOldGen       total 42496K, used 291K [0x00000000c0000000, 0x00000000c2980000, 0x00000000eab00000)
  object space 42496K, 0% used [0x00000000c0000000,0x00000000c0048c90,0x00000000c2980000)
 Metaspace       used 5247K, capacity 6256K, committed 6528K, reserved 1056768K
  class space    used 572K, capacity 616K, committed 640K, reserved 1048576K
}
Event: 2.297 GC heap before
{Heap before GC invocations=2 (full 0):
 PSYoungGen      total 18432K, used 18403K [0x00000000eab00000, 0x00000000ecf00000, 0x0000000100000000)
  eden space 15872K, 100% used [0x00000000eab00000,0x00000000eba80000,0x00000000eba80000)
  from space 2560K, 98% used [0x00000000eba80000,0x00000000ebcf8f58,0x00000000ebd00000)
  to   space 2560K, 0% used [0x00000000ecc80000,0x00000000ecc80000,0x00000000ecf00000)
 ParOldGen       total 42496K, used 291K [0x00000000c0000000, 0x00000000c2980000, 0x00000000eab00000)
  object space 42496K, 0% used [0x00000000c0000000,0x00000000c0048c90,0x00000000c2980000)
 Metaspace       used 6041K, capacity 6960K, committed 7040K, reserved 1056768K
  class space    used 596K, capacity 616K, committed 640K, reserved 1048576K
Event: 2.693 GC heap after
Heap after GC invocations=2 (full 0):
 PSYoungGen      total 34304K, used 2554K [0x00000000eab00000, 0x00000000ecf00000, 0x0000000100000000)
  eden space 31744K, 0% used [0x00000000eab00000,0x00000000eab00000,0x00000000eca00000)
  from space 2560K, 99% used [0x00000000ecc80000,0x00000000ecefea98,0x00000000ecf00000)
  to   space 2560K, 0% used [0x00000000eca00000,0x00000000eca00000,0x00000000ecc80000)
 ParOldGen       total 42496K, used 1863K [0x00000000c0000000, 0x00000000c2980000, 0x00000000eab00000)
  object space 42496K, 4% used [0x00000000c0000000,0x00000000c01d1fe8,0x00000000c2980000)
 Metaspace       used 6041K, capacity 6960K, committed 7040K, reserved 1056768K
  class space    used 596K, capacity 616K, committed 640K, reserved 1048576K
}

Deoptimization events (10 events):
Event: 1.435 Thread 0x00000000022de000 Uncommon trap: reason=class_check action=maybe_recompile pc=0x000000000267c1f0 method=com.android.dx.ssa.NormalSsaInsn.accept(Lcom/android/dx/ssa/SsaInsn$Visitor;)V @ 9
Event: 1.659 Thread 0x00000000164c3000 Uncommon trap: reason=unstable_if action=reinterpret pc=0x00000000027a9298 method=java.util.HashMap.getNode(ILjava/lang/Object;)Ljava/util/HashMap$Node; @ 62
Event: 1.659 Thread 0x00000000164c3000 Uncommon trap: reason=unstable_if action=reinterpret pc=0x000000000263cfa0 method=java.util.HashMap.getNode(ILjava/lang/Object;)Ljava/util/HashMap$Node; @ 62
Event: 1.660 Thread 0x00000000164c3000 Uncommon trap: reason=unstable_if action=reinterpret pc=0x0000000002632a70 method=java.util.BitSet.nextSetBit(I)I @ 87
Event: 1.707 Thread 0x00000000164c3000 Uncommon trap: reason=class_check action=maybe_recompile pc=0x00000000027543a0 method=com.android.dx.rop.type.Type.equals(Ljava/lang/Object;)Z @ 8
Event: 1.708 Thread 0x00000000164c3000 Uncommon trap: reason=unstable_if action=reinterpret pc=0x000000000262db68 method=java.util.HashMap.getNode(ILjava/lang/Object;)Ljava/util/HashMap$Node; @ 129
Event: 1.708 Thread 0x00000000164c3000 Uncommon trap: reason=unstable_if action=reinterpret pc=0x0000000002754384 method=com.android.dx.rop.code.RegisterSpec.equals(ILcom/android/dx/rop/type/TypeBearer;Lcom/android/dx/rop/code/LocalItem;)Z @ 16
Event: 2.177 Thread 0x00000000164d6800 Uncommon trap: reason=unstable_if action=reinterpret pc=0x000000000279426c method=com.android.dx.rop.code.RegisterSpecSet.put(Lcom/android/dx/rop/code/RegisterSpec;)V @ 77
Event: 2.177 Thread 0x00000000164d6800 Uncommon trap: reason=unstable_if action=reinterpret pc=0x00000000028051a8 method=com.android.dx.rop.code.RegisterSpecSet.put(Lcom/android/dx/rop/code/RegisterSpec;)V @ 77
Event: 3.317 Thread 0x00000000164d6800 Uncommon trap: reason=unstable_if action=reinterpret pc=0x00000000029483a4 method=com.android.dx.cf.code.BytecodeArray.parseInstruction(ILcom/android/dx/cf/code/BytecodeArray$Visitor;)I @ 1198

Internal exceptions (2 events):
Event: 0.070 Thread 0x00000000022de000 Exception <a 'java/lang/NoSuchMethodError': Method sun.misc.Unsafe.defineClass(Ljava/lang/String;[BII)Ljava/lang/Class; name or signature does not match> (0x00000000eab12f28) thrown at [C:\re\workspace\8-2-build-windows-amd64-cygwin\jdk8u45\3457\hotspot\srÅ‰˘R≤?
Event: 0.071 Thread 0x00000000022de000 Exception <a 'java/lang/NoSuchMethodError': Method sun.misc.Unsafe.prefetchRead(Ljava/lang/Object;J)V name or signature does not match> (0x00000000eab131b8) thrown at [C:\re\workspace\8-2-build-windows-amd64-cygwin\jdk8u45\3457\hotspot\src\share\vm\prims\j

Events (10 events):
Event: 2.177 Thread 0x00000000164d6800 Uncommon trap: trap_request=0xffffff65 fr.pc=0x00000000028051a8
Event: 2.177 Thread 0x00000000164d6800 DEOPT PACKING pc=0x00000000028051a8 sp=0x00000000173fee00
Event: 2.177 Thread 0x00000000164d6800 DEOPT UNPACKING pc=0x000000000242582a sp=0x00000000173fed20 mode 2
Event: 2.202 Executing VM operation: ForceSafepoint
Event: 2.290 Executing VM operation: ForceSafepoint done
Event: 2.297 Executing VM operation: ParallelGCFailedAllocation
Event: 2.693 Executing VM operation: ParallelGCFailedAllocation done
Event: 3.317 Thread 0x00000000164d6800 Uncommon trap: trap_request=0xffffff65 fr.pc=0x00000000029483a4
Event: 3.317 Thread 0x00000000164d6800 DEOPT PACKING pc=0x00000000029483a4 sp=0x00000000173fee70
Event: 3.317 Thread 0x00000000164d6800 DEOPT UNPACKING pc=0x000000000242582a sp=0x00000000173fee08 mode 2


Dynamic libraries:
0x00007ff675e20000 - 0x00007ff675e57000 	C:\Program Files\Java\jdk1.8.0_45\bin\java.exe
0x00007ffb971a0000 - 0x00007ffb97362000 	C:\Windows\SYSTEM32\ntdll.dll
0x00007ffb949b0000 - 0x00007ffb94a5d000 	C:\Windows\system32\KERNEL32.DLL
0x00007ffb94680000 - 0x00007ffb9485d000 	C:\Windows\system32\KERNELBASE.dll
0x00007ffb94a80000 - 0x00007ffb94b26000 	C:\Windows\system32\ADVAPI32.dll
0x00007ffb95b00000 - 0x00007ffb95b9d000 	C:\Windows\system32\msvcrt.dll
0x00007ffb94b90000 - 0x00007ffb94beb000 	C:\Windows\system32\sechost.dll
0x00007ffb95110000 - 0x00007ffb95236000 	C:\Windows\system32\RPCRT4.dll
0x00007ffb94860000 - 0x00007ffb949ae000 	C:\Windows\system32\USER32.dll
0x00007ffb95250000 - 0x00007ffb953d5000 	C:\Windows\system32\GDI32.dll
0x00007ffb86010000 - 0x00007ffb86284000 	C:\Windows\WinSxS\amd64_microsoft.windows.common-controls_6595b64144ccf1df_6.0.10240.17113_none_f41e180257520c58\COMCTL32.dll
0x00007ffb95450000 - 0x00007ffb95486000 	C:\Windows\system32\IMM32.DLL
0x00007ffb94fb0000 - 0x00007ffb9510c000 	C:\Windows\system32\MSCTF.dll
0x0000000050470000 - 0x0000000050542000 	C:\Program Files\Java\jdk1.8.0_45\jre\bin\msvcr100.dll
0x0000000050e90000 - 0x0000000051713000 	C:\Program Files\Java\jdk1.8.0_45\jre\bin\server\jvm.dll
0x00007ffb957e0000 - 0x00007ffb957e8000 	C:\Windows\system32\PSAPI.DLL
0x00007ffb88f30000 - 0x00007ffb88f39000 	C:\Windows\SYSTEM32\WSOCK32.dll
0x00007ffb953e0000 - 0x00007ffb95449000 	C:\Windows\system32\WS2_32.dll
0x00007ffb95240000 - 0x00007ffb95248000 	C:\Windows\system32\NSI.dll
0x00007ffb91e80000 - 0x00007ffb91ea3000 	C:\Windows\SYSTEM32\WINMM.dll
0x00007ffb8f760000 - 0x00007ffb8f76a000 	C:\Windows\SYSTEM32\VERSION.dll
0x00007ffb91e50000 - 0x00007ffb91e7c000 	C:\Windows\SYSTEM32\WINMMBASE.dll
0x00007ffb943b0000 - 0x00007ffb943f4000 	C:\Windows\system32\cfgmgr32.dll
0x00007ffb92490000 - 0x00007ffb924b7000 	C:\Windows\SYSTEM32\DEVOBJ.dll
0x0000000052440000 - 0x000000005244f000 	C:\Program Files\Java\jdk1.8.0_45\jre\bin\verify.dll
0x0000000052410000 - 0x0000000052439000 	C:\Program Files\Java\jdk1.8.0_45\jre\bin\java.dll
0x0000000052260000 - 0x0000000052276000 	C:\Program Files\Java\jdk1.8.0_45\jre\bin\zip.dll
0x00007ffb95c70000 - 0x00007ffb97193000 	C:\Windows\system32\SHELL32.dll
0x00007ffb93c60000 - 0x00007ffb94289000 	C:\Windows\system32\windows.storage.dll
0x00007ffb94d30000 - 0x00007ffb94fac000 	C:\Windows\system32\combase.dll
0x00007ffb95ba0000 - 0x00007ffb95bf1000 	C:\Windows\system32\shlwapi.dll
0x00007ffb93c50000 - 0x00007ffb93c5f000 	C:\Windows\system32\kernel.appcore.dll
0x00007ffb94290000 - 0x00007ffb94343000 	C:\Windows\system32\shcore.dll
0x00007ffb93c00000 - 0x00007ffb93c4a000 	C:\Windows\system32\powrprof.dll
0x00007ffb93bc0000 - 0x00007ffb93bd3000 	C:\Windows\system32\profapi.dll
0x00007ffb74db0000 - 0x00007ffb74f3a000 	C:\Windows\SYSTEM32\dbghelp.dll

VM Arguments:
jvm_args: -Djava.awt.headless=true -Xmx1024M -Dfile.encoding=windows-1256 -Duser.country=SY -Duser.language=ar -Duser.variant 
java_command: com.android.dx.command.Main --dex --force-jumbo --num-threads=4 --output D:\upwork\android-project-DTDTASK\MyApplication\app\build\intermediates\pre-dexed\debug\com.android.support-support-compat-24.2.0_f6f0402a59b8489d8d5246dd255d641bef6259e3.jar D:\upwork\android-project-DTDTASK\MyApplication\app\build\intermediates\exploded-aar\com.android.support\support-compat\24.2.0\jars\classes.jar
java_class_path (initial): C:\Users\AGHED\AppData\Local\Android\sdk\build-tools\24.0.2\lib\dx.jar
Launcher Type: SUN_STANDARD

Environment Variables:
PATH=C:\Program Files\Microsoft HPC Pack 2008 SDK\Bin\;C:\ProgramData\Oracle\Java\javapath;C:\Windows\system32;C:\Windows;C:\Windows\System32\Wbem;C:\Windows\System32\WindowsPowerShell\v1.0\;D:\Program Files (x86)\MATLAB\R2010a\runtime\win32;D:\Program Files (x86)\MATLAB\R2010a\bin;C:\Program Files (x86)\AMD\ATI.ACE\Core-Static;C:\Program Files (x86)\Common Files\lenovo\easyplussdk\bin;C:\Program Files (x86)\ATI Technologies\ATI.ACE\Core-Static;c:\Program Files (x86)\Microsoft SQL Server\100\Tools\Binn\;c:\Program Files\Microsoft SQL Server\100\Tools\Binn\;c:\Program Files\Microsoft SQL Server\100\DTS\Binn\;C:\xampp\php;C:\ProgramData\ComposerSetup\bin;C:\Users\AGHED\.dnx\bin;C:\Program Files\Microsoft DNX\Dnvm\;C:\Program Files (x86)\Windows Kits\8.1\Windows Performance Toolkit\;C:\Program Files\Microsoft SQL Server\120\Tools\Binn\;C:\Program Files\Git\cmd;C:\Program Files\nodejs\;C:\Users\AGHED\.dnx\bin;C:\Users\AGHED\AppData\Local\Programs\Python\Python36\Scripts\;C:\Users\AGHED\AppData\Local\Programs\Python\Python36\;C:\Program Files (x86)\Microsoft Visual Studio 10.0\VC\BIN;C:\WINDOWS\Microsoft.NET\Framework\v3.5;C:\WINDOWS\Micr osoft.NET\Framework\v2.0.50727;C:\Program Files (x86)\Microsoft Visual Studio 10.0\VC\VCPackages;C:\Program Files (x86)\Microsoft Visual Studio 10.0\Common7\IDE;C:\Program Files (x86)\Microsoft Visual Studio 10.0\Common7\Tools;C:\Program Files (x86)\Microsoft SDKs\Windows\v7.0A\Bin;C:\Program Files (x86)\Microsoft VS Code\bin;C:\Users\AGHED\AppData\Roaming\Composer\vendor\bin;C:\xampp\php\php.exe;C:\Users\AGHED\AppData\Roaming\npm
USERNAME=AGHED
OS=Windows_NT
PROCESSOR_IDENTIFIER=Intel64 Family 6 Model 37 Stepping 5, GenuineIntel



---------------  S Y S T E M  ---------------

OS: Windows 10.0 , 64 bit Build 10240 (10.0.10240.17113)

CPU:total 4 (2 cores per cpu, 2 threads per core) family 6 model 37 stepping 5, cmov, cx8, fxsr, mmx, sse, sse2, sse3, ssse3, sse4.1, sse4.2, popcnt, ht, tsc, tscinvbit

Memory: 4k page, physical 4053852k(435004k free), swap 5589852k(48k free)

vm_info: Java HotSpot(TM) 64-Bit Server VM (25.45-b02) for windows-amd64 JRE (1.8.0_45-b14), built on Apr 10 2015 10:34:15 by "java_re" with MS VC++ 10.0 (VS2010)

time: Wed Aug 16 16:18:37 2017
elapsed time: 4 seconds (0d 0h 0m 4s)

